Command line invocation:
    /Applications/Xcode.app/Contents/Developer/usr/bin/xcodebuild -scheme Diver_iOS -destination "platform=iOS Simulator,name=iPhone 17" build

Resolve Package Graph


Resolved source packages:
  xctest-dynamic-overlay: https://github.com/pointfreeco/xctest-dynamic-overlay @ 1.8.1
  Sovran: https://github.com/segmentio/sovran-swift.git @ 1.1.2
  DiverShared: /Users/voxels/Documents/dev/Superbright/Diver/DiverShared
  Supabase: https://github.com/supabase/supabase-swift @ 2.33.1
  RegularExpressions: https://github.com/Peter-Schorn/RegularExpressions.git @ 2.2.0
  SpotifyAPI: https://github.com/Peter-Schorn/SpotifyAPI @ 4.0.2
  swift-concurrency-extras: https://github.com/pointfreeco/swift-concurrency-extras @ 1.3.2
  knowmaps: /Users/voxels/Documents/dev/Superbright/Know-Maps @ local
  swift-log: https://github.com/apple/swift-log.git @ 1.8.0
  Segment: https://github.com/segmentio/analytics-swift @ 1.6.2
  OpenCombine: https://github.com/OpenCombine/OpenCombine.git @ 0.14.0
  swift-http-types: https://github.com/apple/swift-http-types.git @ 1.5.1
  JSONSafeEncoding: https://github.com/segmentio/jsonsafeencoding-swift.git @ 2.0.0
  swift-crypto: https://github.com/apple/swift-crypto.git @ 1.1.7
  LDSwiftEventSource: https://github.com/launchdarkly/swift-eventsource @ 3.3.0
  swift-clocks: https://github.com/pointfreeco/swift-clocks @ 1.0.6
  Nuke: https://github.com/kean/Nuke @ 12.8.0
  DiverKit: /Users/voxels/Documents/dev/Superbright/Diver/DiverKit

ComputePackagePrebuildTargetDependencyGraph

Prepare packages

CreateBuildRequest

SendProjectDescription

CreateBuildOperation

ComputeTargetDependencyGraph
note: Building targets in dependency order
note: Target dependency graph (59 targets)
    Target 'Diver_iOS' in project 'Diver'
        ➜ Explicit dependency on target 'ActionExtension' in project 'Diver'
        ➜ Explicit dependency on target 'DiverWidgetExtension' in project 'Diver'
        ➜ Explicit dependency on target 'DiverKit' in project 'DiverKit'
        ➜ Explicit dependency on target 'DiverShared' in project 'DiverShared'
        ➜ Explicit dependency on target 'knowmaps' in project 'knowmaps'
    Target 'DiverWidgetExtension' in project 'Diver'
        ➜ Explicit dependency on target 'DiverShared' in project 'DiverShared'
        ➜ Explicit dependency on target 'knowmaps' in project 'knowmaps'
        ➜ Explicit dependency on target 'DiverKit' in project 'DiverKit'
    Target 'knowmaps' in project 'knowmaps'
        ➜ Explicit dependency on target 'knowmaps' in project 'knowmaps'
        ➜ Explicit dependency on target 'knowmaps_knowmaps' in project 'knowmaps'
        ➜ Explicit dependency on target 'NukeUI' in project 'Nuke'
        ➜ Explicit dependency on target 'Segment' in project 'Segment'
        ➜ Explicit dependency on target 'Supabase' in project 'Supabase'
    Target 'knowmaps' in project 'knowmaps'
        ➜ Explicit dependency on target 'knowmaps_knowmaps' in project 'knowmaps'
        ➜ Explicit dependency on target 'NukeUI' in project 'Nuke'
        ➜ Explicit dependency on target 'Segment' in project 'Segment'
        ➜ Explicit dependency on target 'Supabase' in project 'Supabase'
    Target 'Supabase' in project 'Supabase'
        ➜ Explicit dependency on target 'Supabase' in project 'Supabase'
        ➜ Explicit dependency on target 'Functions' in project 'Supabase'
        ➜ Explicit dependency on target 'PostgREST' in project 'Supabase'
        ➜ Explicit dependency on target 'Auth' in project 'Supabase'
        ➜ Explicit dependency on target 'Realtime' in project 'Supabase'
        ➜ Explicit dependency on target 'Storage' in project 'Supabase'
        ➜ Explicit dependency on target 'Helpers' in project 'Supabase'
        ➜ Explicit dependency on target 'ConcurrencyExtras' in project 'swift-concurrency-extras'
        ➜ Explicit dependency on target 'HTTPTypes' in project 'swift-http-types'
        ➜ Explicit dependency on target 'Clocks' in project 'swift-clocks'
        ➜ Explicit dependency on target 'XCTestDynamicOverlay' in project 'xctest-dynamic-overlay'
        ➜ Explicit dependency on target 'Crypto' in project 'swift-crypto'
        ➜ Explicit dependency on target 'IssueReporting' in project 'xctest-dynamic-overlay'
    Target 'Supabase' in project 'Supabase'
        ➜ Explicit dependency on target 'Helpers' in project 'Supabase'
        ➜ Explicit dependency on target 'Auth' in project 'Supabase'
        ➜ Explicit dependency on target 'Functions' in project 'Supabase'
        ➜ Explicit dependency on target 'PostgREST' in project 'Supabase'
        ➜ Explicit dependency on target 'Realtime' in project 'Supabase'
        ➜ Explicit dependency on target 'Storage' in project 'Supabase'
        ➜ Explicit dependency on target 'ConcurrencyExtras' in project 'swift-concurrency-extras'
        ➜ Explicit dependency on target 'HTTPTypes' in project 'swift-http-types'
        ➜ Explicit dependency on target 'Clocks' in project 'swift-clocks'
        ➜ Explicit dependency on target 'XCTestDynamicOverlay' in project 'xctest-dynamic-overlay'
        ➜ Explicit dependency on target 'Crypto' in project 'swift-crypto'
        ➜ Explicit dependency on target 'IssueReporting' in project 'xctest-dynamic-overlay'
    Target 'Storage' in project 'Supabase'
        ➜ Explicit dependency on target 'Helpers' in project 'Supabase'
        ➜ Explicit dependency on target 'ConcurrencyExtras' in project 'swift-concurrency-extras'
        ➜ Explicit dependency on target 'HTTPTypes' in project 'swift-http-types'
        ➜ Explicit dependency on target 'Clocks' in project 'swift-clocks'
        ➜ Explicit dependency on target 'XCTestDynamicOverlay' in project 'xctest-dynamic-overlay'
    Target 'Realtime' in project 'Supabase'
        ➜ Explicit dependency on target 'Helpers' in project 'Supabase'
        ➜ Explicit dependency on target 'ConcurrencyExtras' in project 'swift-concurrency-extras'
        ➜ Explicit dependency on target 'HTTPTypes' in project 'swift-http-types'
        ➜ Explicit dependency on target 'Clocks' in project 'swift-clocks'
        ➜ Explicit dependency on target 'XCTestDynamicOverlay' in project 'xctest-dynamic-overlay'
        ➜ Explicit dependency on target 'IssueReporting' in project 'xctest-dynamic-overlay'
    Target 'PostgREST' in project 'Supabase'
        ➜ Explicit dependency on target 'Helpers' in project 'Supabase'
        ➜ Explicit dependency on target 'ConcurrencyExtras' in project 'swift-concurrency-extras'
        ➜ Explicit dependency on target 'HTTPTypes' in project 'swift-http-types'
        ➜ Explicit dependency on target 'Clocks' in project 'swift-clocks'
        ➜ Explicit dependency on target 'XCTestDynamicOverlay' in project 'xctest-dynamic-overlay'
    Target 'Functions' in project 'Supabase'
        ➜ Explicit dependency on target 'Helpers' in project 'Supabase'
        ➜ Explicit dependency on target 'ConcurrencyExtras' in project 'swift-concurrency-extras'
        ➜ Explicit dependency on target 'HTTPTypes' in project 'swift-http-types'
        ➜ Explicit dependency on target 'Clocks' in project 'swift-clocks'
        ➜ Explicit dependency on target 'XCTestDynamicOverlay' in project 'xctest-dynamic-overlay'
    Target 'Auth' in project 'Supabase'
        ➜ Explicit dependency on target 'Helpers' in project 'Supabase'
        ➜ Explicit dependency on target 'ConcurrencyExtras' in project 'swift-concurrency-extras'
        ➜ Explicit dependency on target 'HTTPTypes' in project 'swift-http-types'
        ➜ Explicit dependency on target 'Clocks' in project 'swift-clocks'
        ➜ Explicit dependency on target 'XCTestDynamicOverlay' in project 'xctest-dynamic-overlay'
        ➜ Explicit dependency on target 'Crypto' in project 'swift-crypto'
    Target 'Helpers' in project 'Supabase'
        ➜ Explicit dependency on target 'ConcurrencyExtras' in project 'swift-concurrency-extras'
        ➜ Explicit dependency on target 'HTTPTypes' in project 'swift-http-types'
        ➜ Explicit dependency on target 'Clocks' in project 'swift-clocks'
        ➜ Explicit dependency on target 'XCTestDynamicOverlay' in project 'xctest-dynamic-overlay'
    Target 'XCTestDynamicOverlay' in project 'xctest-dynamic-overlay'
        ➜ Explicit dependency on target 'XCTestDynamicOverlay' in project 'xctest-dynamic-overlay'
        ➜ Explicit dependency on target 'IssueReportingPackageSupport' in project 'xctest-dynamic-overlay'
        ➜ Explicit dependency on target 'IssueReporting' in project 'xctest-dynamic-overlay'
    Target 'XCTestDynamicOverlay' in project 'xctest-dynamic-overlay'
        ➜ Explicit dependency on target 'IssueReportingPackageSupport' in project 'xctest-dynamic-overlay'
        ➜ Explicit dependency on target 'IssueReporting' in project 'xctest-dynamic-overlay'
    Target 'Clocks' in project 'swift-clocks'
        ➜ Explicit dependency on target 'Clocks' in project 'swift-clocks'
        ➜ Explicit dependency on target 'ConcurrencyExtras' in project 'swift-concurrency-extras'
        ➜ Explicit dependency on target 'IssueReporting' in project 'xctest-dynamic-overlay'
    Target 'Clocks' in project 'swift-clocks'
        ➜ Explicit dependency on target 'ConcurrencyExtras' in project 'swift-concurrency-extras'
        ➜ Explicit dependency on target 'IssueReporting' in project 'xctest-dynamic-overlay'
    Target 'IssueReporting' in project 'xctest-dynamic-overlay'
        ➜ Explicit dependency on target 'IssueReporting' in project 'xctest-dynamic-overlay'
        ➜ Explicit dependency on target 'IssueReportingPackageSupport' in project 'xctest-dynamic-overlay'
    Target 'IssueReporting' in project 'xctest-dynamic-overlay'
        ➜ Explicit dependency on target 'IssueReportingPackageSupport' in project 'xctest-dynamic-overlay'
    Target 'IssueReportingPackageSupport' in project 'xctest-dynamic-overlay' (no dependencies)
    Target 'HTTPTypes' in project 'swift-http-types'
        ➜ Explicit dependency on target 'HTTPTypes' in project 'swift-http-types'
    Target 'HTTPTypes' in project 'swift-http-types' (no dependencies)
    Target 'ConcurrencyExtras' in project 'swift-concurrency-extras'
        ➜ Explicit dependency on target 'ConcurrencyExtras' in project 'swift-concurrency-extras'
    Target 'ConcurrencyExtras' in project 'swift-concurrency-extras' (no dependencies)
    Target 'Segment' in project 'Segment'
        ➜ Explicit dependency on target 'Segment' in project 'Segment'
        ➜ Explicit dependency on target 'Segment_Segment' in project 'Segment'
        ➜ Explicit dependency on target 'Sovran' in project 'Sovran'
        ➜ Explicit dependency on target 'JSONSafeEncoding' in project 'JSONSafeEncoding'
    Target 'Segment' in project 'Segment'
        ➜ Explicit dependency on target 'Segment_Segment' in project 'Segment'
        ➜ Explicit dependency on target 'Sovran' in project 'Sovran'
        ➜ Explicit dependency on target 'JSONSafeEncoding' in project 'JSONSafeEncoding'
    Target 'JSONSafeEncoding' in project 'JSONSafeEncoding'
        ➜ Explicit dependency on target 'JSONSafeEncoding' in project 'JSONSafeEncoding'
    Target 'JSONSafeEncoding' in project 'JSONSafeEncoding' (no dependencies)
    Target 'Sovran' in project 'Sovran'
        ➜ Explicit dependency on target 'Sovran' in project 'Sovran'
    Target 'Sovran' in project 'Sovran' (no dependencies)
    Target 'Segment_Segment' in project 'Segment' (no dependencies)
    Target 'NukeUI' in project 'Nuke'
        ➜ Explicit dependency on target 'NukeUI' in project 'Nuke'
        ➜ Explicit dependency on target 'Nuke' in project 'Nuke'
    Target 'NukeUI' in project 'Nuke'
        ➜ Explicit dependency on target 'Nuke' in project 'Nuke'
    Target 'Nuke' in project 'Nuke' (no dependencies)
    Target 'knowmaps_knowmaps' in project 'knowmaps' (no dependencies)
    Target 'ActionExtension' in project 'Diver'
        ➜ Explicit dependency on target 'DiverKit' in project 'DiverKit'
        ➜ Explicit dependency on target 'DiverShared' in project 'DiverShared'
    Target 'DiverKit' in project 'DiverKit'
        ➜ Explicit dependency on target 'DiverKit' in project 'DiverKit'
        ➜ Explicit dependency on target 'DiverKit_DiverKit' in project 'DiverKit'
        ➜ Explicit dependency on target 'LDSwiftEventSource' in project 'LDSwiftEventSource'
        ➜ Explicit dependency on target 'SpotifyAPI' in project 'SpotifyAPI'
        ➜ Explicit dependency on target 'DiverShared' in project 'DiverShared'
    Target 'DiverKit' in project 'DiverKit'
        ➜ Explicit dependency on target 'DiverKit_DiverKit' in project 'DiverKit'
        ➜ Explicit dependency on target 'LDSwiftEventSource' in project 'LDSwiftEventSource'
        ➜ Explicit dependency on target 'SpotifyAPI' in project 'SpotifyAPI'
        ➜ Explicit dependency on target 'DiverShared' in project 'DiverShared'
    Target 'DiverShared' in project 'DiverShared'
        ➜ Explicit dependency on target 'DiverShared' in project 'DiverShared'
    Target 'DiverShared' in project 'DiverShared' (no dependencies)
    Target 'SpotifyAPI' in project 'SpotifyAPI'
        ➜ Explicit dependency on target 'SpotifyWebAPI' in project 'SpotifyAPI'
        ➜ Explicit dependency on target 'RegularExpressions' in project 'RegularExpressions'
        ➜ Explicit dependency on target 'Logging' in project 'swift-log'
        ➜ Explicit dependency on target 'Crypto' in project 'swift-crypto'
        ➜ Explicit dependency on target 'OpenCombine' in project 'OpenCombine'
        ➜ Explicit dependency on target 'OpenCombineDispatch' in project 'OpenCombine'
        ➜ Explicit dependency on target 'OpenCombineFoundation' in project 'OpenCombine'
    Target 'SpotifyWebAPI' in project 'SpotifyAPI'
        ➜ Explicit dependency on target 'RegularExpressions' in project 'RegularExpressions'
        ➜ Explicit dependency on target 'Logging' in project 'swift-log'
        ➜ Explicit dependency on target 'Crypto' in project 'swift-crypto'
        ➜ Explicit dependency on target 'OpenCombine' in project 'OpenCombine'
        ➜ Explicit dependency on target 'OpenCombineDispatch' in project 'OpenCombine'
        ➜ Explicit dependency on target 'OpenCombineFoundation' in project 'OpenCombine'
    Target 'OpenCombineFoundation' in project 'OpenCombine'
        ➜ Explicit dependency on target 'OpenCombineFoundation' in project 'OpenCombine'
        ➜ Explicit dependency on target 'COpenCombineHelpers' in project 'OpenCombine'
        ➜ Explicit dependency on target 'OpenCombine' in project 'OpenCombine'
    Target 'OpenCombineFoundation' in project 'OpenCombine'
        ➜ Explicit dependency on target 'COpenCombineHelpers' in project 'OpenCombine'
        ➜ Explicit dependency on target 'OpenCombine' in project 'OpenCombine'
    Target 'OpenCombineDispatch' in project 'OpenCombine'
        ➜ Explicit dependency on target 'OpenCombineDispatch' in project 'OpenCombine'
        ➜ Explicit dependency on target 'COpenCombineHelpers' in project 'OpenCombine'
        ➜ Explicit dependency on target 'OpenCombine' in project 'OpenCombine'
    Target 'OpenCombineDispatch' in project 'OpenCombine'
        ➜ Explicit dependency on target 'COpenCombineHelpers' in project 'OpenCombine'
        ➜ Explicit dependency on target 'OpenCombine' in project 'OpenCombine'
    Target 'OpenCombine' in project 'OpenCombine'
        ➜ Explicit dependency on target 'OpenCombine' in project 'OpenCombine'
        ➜ Explicit dependency on target 'COpenCombineHelpers' in project 'OpenCombine'
    Target 'OpenCombine' in project 'OpenCombine'
        ➜ Explicit dependency on target 'COpenCombineHelpers' in project 'OpenCombine'
    Target 'COpenCombineHelpers' in project 'OpenCombine' (no dependencies)
    Target 'Crypto' in project 'swift-crypto'
        ➜ Explicit dependency on target 'Crypto' in project 'swift-crypto'
        ➜ Explicit dependency on target 'CCryptoBoringSSL' in project 'swift-crypto'
        ➜ Explicit dependency on target 'CCryptoBoringSSLShims' in project 'swift-crypto'
    Target 'Crypto' in project 'swift-crypto'
        ➜ Explicit dependency on target 'CCryptoBoringSSL' in project 'swift-crypto'
        ➜ Explicit dependency on target 'CCryptoBoringSSLShims' in project 'swift-crypto'
    Target 'CCryptoBoringSSLShims' in project 'swift-crypto'
        ➜ Explicit dependency on target 'CCryptoBoringSSL' in project 'swift-crypto'
    Target 'CCryptoBoringSSL' in project 'swift-crypto' (no dependencies)
    Target 'Logging' in project 'swift-log'
        ➜ Explicit dependency on target 'Logging' in project 'swift-log'
    Target 'Logging' in project 'swift-log' (no dependencies)
    Target 'RegularExpressions' in project 'RegularExpressions'
        ➜ Explicit dependency on target 'RegularExpressions' in project 'RegularExpressions'
    Target 'RegularExpressions' in project 'RegularExpressions' (no dependencies)
    Target 'LDSwiftEventSource' in project 'LDSwiftEventSource'
        ➜ Explicit dependency on target 'LDSwiftEventSource' in project 'LDSwiftEventSource'
    Target 'LDSwiftEventSource' in project 'LDSwiftEventSource' (no dependencies)
    Target 'DiverKit_DiverKit' in project 'DiverKit' (no dependencies)

GatherProvisioningInputs

CreateBuildDescription

ExecuteExternalTool /Applications/Xcode.app/Contents/Developer/Toolchains/XcodeDefault.xctoolchain/usr/bin/swiftc --version

ExecuteExternalTool /Applications/Xcode.app/Contents/Developer/Toolchains/XcodeDefault.xctoolchain/usr/bin/clang -v -E -dM -arch arm64 -isysroot /Applications/Xcode.app/Contents/Developer/Platforms/iPhoneSimulator.platform/Developer/SDKs/iPhoneSimulator26.2.sdk -x c -c /dev/null

ExecuteExternalTool /Applications/Xcode.app/Contents/Developer/Toolchains/XcodeDefault.xctoolchain/usr/bin/clang -v -E -dM -arch arm64 -isysroot /Applications/Xcode.app/Contents/Developer/Platforms/iPhoneSimulator.platform/Developer/SDKs/iPhoneSimulator26.2.sdk -x c++ -c /dev/null

ExecuteExternalTool /Applications/Xcode.app/Contents/Developer/usr/bin/actool --version --output-format xml1

ExecuteExternalTool /usr/bin/what -q /Applications/Xcode.app/Contents/Developer/Toolchains/XcodeDefault.xctoolchain/usr/bin/coremlc

ExecuteExternalTool /Applications/Xcode.app/Contents/Developer/Toolchains/XcodeDefault.xctoolchain/usr/bin/clang -v -E -dM -isysroot /Applications/Xcode.app/Contents/Developer/Platforms/iPhoneSimulator.platform/Developer/SDKs/iPhoneSimulator26.2.sdk -x c -c /dev/null

ExecuteExternalTool /Applications/Xcode.app/Contents/Developer/usr/bin/actool --print-asset-tag-combinations --output-format xml1 /Users/voxels/Documents/dev/Superbright/Diver/Diver/Diver/Assets.xcassets

ExecuteExternalTool /Applications/Xcode.app/Contents/Developer/Toolchains/XcodeDefault.xctoolchain/usr/bin/ld -version_details

ReadFileContents /Applications/Xcode.app/Contents/Developer/Toolchains/XcodeDefault.xctoolchain/usr/share/docc/features.json

ExecuteExternalTool /Applications/Xcode.app/Contents/Developer/Toolchains/XcodeDefault.xctoolchain/usr/bin/clang -v -E -dM -arch arm64 -isysroot /Applications/Xcode.app/Contents/Developer/Platforms/iPhoneSimulator.platform/Developer/SDKs/iPhoneSimulator26.2.sdk -x assembler-with-cpp -c /dev/null

ExecuteExternalTool /Applications/Xcode.app/Contents/Developer/Toolchains/XcodeDefault.xctoolchain/usr/bin/coremlc generate /Users/voxels/Documents/dev/Superbright/Know-Maps/Know-Maps/Know Maps Prod/Model/ML/FoursquareSectionClassifier.mlmodel /Users/voxels/Library/Developer/Xcode/DerivedData/Diver-fkxymducaaydoifhoeeiimpntqeq/Build/Intermediates.noindex/knowmaps.build/Debug-iphonesimulator/knowmaps.build/DerivedSources/CoreMLGenerated/FoursquareSectionClassifier --dry-run yes --deployment-target 26.0 --sdkroot /Applications/Xcode.app/Contents/Developer/Platforms/iPhoneSimulator.platform/Developer/SDKs/iPhoneSimulator26.2.sdk --platform ios --output-partial-info-plist /Users/voxels/Library/Developer/Xcode/DerivedData/Diver-fkxymducaaydoifhoeeiimpntqeq/Build/Intermediates.noindex/knowmaps.build/Debug-iphonesimulator/knowmaps.build/FoursquareSectionClassifier-CoreMLPartialInfo.plist --container swift-package --language Swift --swift-version 5 --public-access

ExecuteExternalTool /Applications/Xcode.app/Contents/Developer/Toolchains/XcodeDefault.xctoolchain/usr/bin/coremlc generate /Users/voxels/Documents/dev/Superbright/Know-Maps/Know-Maps/Know Maps Prod/Model/ML/LocalMapsQueryClassifier.mlmodel /Users/voxels/Library/Developer/Xcode/DerivedData/Diver-fkxymducaaydoifhoeeiimpntqeq/Build/Intermediates.noindex/knowmaps.build/Debug-iphonesimulator/knowmaps.build/DerivedSources/CoreMLGenerated/LocalMapsQueryClassifier --dry-run yes --deployment-target 26.0 --sdkroot /Applications/Xcode.app/Contents/Developer/Platforms/iPhoneSimulator.platform/Developer/SDKs/iPhoneSimulator26.2.sdk --platform ios --output-partial-info-plist /Users/voxels/Library/Developer/Xcode/DerivedData/Diver-fkxymducaaydoifhoeeiimpntqeq/Build/Intermediates.noindex/knowmaps.build/Debug-iphonesimulator/knowmaps.build/LocalMapsQueryClassifier-CoreMLPartialInfo.plist --container swift-package --language Swift --swift-version 5 --public-access

ExecuteExternalTool /Applications/Xcode.app/Contents/Developer/Toolchains/XcodeDefault.xctoolchain/usr/bin/coremlc generate /Users/voxels/Documents/dev/Superbright/Know-Maps/Know-Maps/Know Maps Prod/Model/ML/LocalMapsQueryClassifier.mlproj/Models/LocalMapsQueryClassifier 1.mlmodel /Users/voxels/Library/Developer/Xcode/DerivedData/Diver-fkxymducaaydoifhoeeiimpntqeq/Build/Intermediates.noindex/knowmaps.build/Debug-iphonesimulator/knowmaps.build/DerivedSources/CoreMLGenerated/LocalMapsQueryClassifier 1 --dry-run yes --deployment-target 26.0 --sdkroot /Applications/Xcode.app/Contents/Developer/Platforms/iPhoneSimulator.platform/Developer/SDKs/iPhoneSimulator26.2.sdk --platform ios --output-partial-info-plist /Users/voxels/Library/Developer/Xcode/DerivedData/Diver-fkxymducaaydoifhoeeiimpntqeq/Build/Intermediates.noindex/knowmaps.build/Debug-iphonesimulator/knowmaps.build/LocalMapsQueryClassifier 1-CoreMLPartialInfo.plist --container swift-package --language Swift --swift-version 5 --public-access

ExecuteExternalTool /Applications/Xcode.app/Contents/Developer/Toolchains/XcodeDefault.xctoolchain/usr/bin/coremlc generate /Users/voxels/Documents/dev/Superbright/Know-Maps/Know-Maps/Know Maps Prod/Model/ML/LocalMapsQueryTagger.mlpackage /Users/voxels/Library/Developer/Xcode/DerivedData/Diver-fkxymducaaydoifhoeeiimpntqeq/Build/Intermediates.noindex/knowmaps.build/Debug-iphonesimulator/knowmaps.build/DerivedSources/CoreMLGenerated/LocalMapsQueryTagger --dry-run yes --deployment-target 26.0 --sdkroot /Applications/Xcode.app/Contents/Developer/Platforms/iPhoneSimulator.platform/Developer/SDKs/iPhoneSimulator26.2.sdk --platform ios --output-partial-info-plist /Users/voxels/Library/Developer/Xcode/DerivedData/Diver-fkxymducaaydoifhoeeiimpntqeq/Build/Intermediates.noindex/knowmaps.build/Debug-iphonesimulator/knowmaps.build/LocalMapsQueryTagger-CoreMLPartialInfo.plist --container swift-package --language Swift --swift-version 5 --public-access

ExecuteExternalTool /Applications/Xcode.app/Contents/Developer/Toolchains/XcodeDefault.xctoolchain/usr/bin/coremlc generate /Users/voxels/Documents/dev/Superbright/Know-Maps/Know-Maps/Know Maps Prod/Model/ML/LocalMapsQueryTagger.mlproj/Models/LocalMapsQueryTagger 1.mlmodel /Users/voxels/Library/Developer/Xcode/DerivedData/Diver-fkxymducaaydoifhoeeiimpntqeq/Build/Intermediates.noindex/knowmaps.build/Debug-iphonesimulator/knowmaps.build/DerivedSources/CoreMLGenerated/LocalMapsQueryTagger 1 --dry-run yes --deployment-target 26.0 --sdkroot /Applications/Xcode.app/Contents/Developer/Platforms/iPhoneSimulator.platform/Developer/SDKs/iPhoneSimulator26.2.sdk --platform ios --output-partial-info-plist /Users/voxels/Library/Developer/Xcode/DerivedData/Diver-fkxymducaaydoifhoeeiimpntqeq/Build/Intermediates.noindex/knowmaps.build/Debug-iphonesimulator/knowmaps.build/LocalMapsQueryTagger 1-CoreMLPartialInfo.plist --container swift-package --language Swift --swift-version 5 --public-access

ExecuteExternalTool /Applications/Xcode.app/Contents/Developer/Toolchains/XcodeDefault.xctoolchain/usr/bin/coremlc generate /Users/voxels/Documents/dev/Superbright/Know-Maps/Know-Maps/Know Maps Prod/Model/ML/MiniLM-L12-Embedding.mlpackage /Users/voxels/Library/Developer/Xcode/DerivedData/Diver-fkxymducaaydoifhoeeiimpntqeq/Build/Intermediates.noindex/knowmaps.build/Debug-iphonesimulator/knowmaps.build/DerivedSources/CoreMLGenerated/MiniLM-L12-Embedding --dry-run yes --deployment-target 26.0 --sdkroot /Applications/Xcode.app/Contents/Developer/Platforms/iPhoneSimulator.platform/Developer/SDKs/iPhoneSimulator26.2.sdk --platform ios --output-partial-info-plist /Users/voxels/Library/Developer/Xcode/DerivedData/Diver-fkxymducaaydoifhoeeiimpntqeq/Build/Intermediates.noindex/knowmaps.build/Debug-iphonesimulator/knowmaps.build/MiniLM-L12-Embedding-CoreMLPartialInfo.plist --container swift-package --language Swift --swift-version 5 --public-access

Build description signature: a1672c80c4598122ec239c6f18b3840c
Build description path: /Users/voxels/Library/Developer/Xcode/DerivedData/Diver-fkxymducaaydoifhoeeiimpntqeq/Build/Intermediates.noindex/XCBuildData/a1672c80c4598122ec239c6f18b3840c.xcbuilddata
ClangStatCache /Applications/Xcode.app/Contents/Developer/Toolchains/XcodeDefault.xctoolchain/usr/bin/clang-stat-cache /Applications/Xcode.app/Contents/Developer/Platforms/iPhoneSimulator.platform/Developer/SDKs/iPhoneSimulator26.2.sdk /Users/voxels/Library/Developer/Xcode/DerivedData/SDKStatCaches.noindex/iphonesimulator26.2-23C53-3885c01c3e6b6a337905948deab2002e7d00a8b37fbd7999ea79df8ebc024bf0.sdkstatcache
    cd /Users/voxels/Documents/dev/Superbright/Diver/Diver/Diver.xcodeproj
    /Applications/Xcode.app/Contents/Developer/Toolchains/XcodeDefault.xctoolchain/usr/bin/clang-stat-cache /Applications/Xcode.app/Contents/Developer/Platforms/iPhoneSimulator.platform/Developer/SDKs/iPhoneSimulator26.2.sdk -o /Users/voxels/Library/Developer/Xcode/DerivedData/SDKStatCaches.noindex/iphonesimulator26.2-23C53-3885c01c3e6b6a337905948deab2002e7d00a8b37fbd7999ea79df8ebc024bf0.sdkstatcache

ProcessInfoPlistFile /Users/voxels/Library/Developer/Xcode/DerivedData/Diver-fkxymducaaydoifhoeeiimpntqeq/Build/Products/Debug-iphonesimulator/Segment_Segment.bundle/Info.plist /Users/voxels/Library/Developer/Xcode/DerivedData/Diver-fkxymducaaydoifhoeeiimpntqeq/Build/Intermediates.noindex/Segment.build/Debug-iphonesimulator/Segment_Segment.build/empty-Segment_Segment.plist (in target 'Segment_Segment' from project 'Segment')
    cd /Users/voxels/Library/Developer/Xcode/DerivedData/Diver-fkxymducaaydoifhoeeiimpntqeq/SourcePackages/checkouts/analytics-swift
    builtin-infoPlistUtility /Users/voxels/Library/Developer/Xcode/DerivedData/Diver-fkxymducaaydoifhoeeiimpntqeq/Build/Intermediates.noindex/Segment.build/Debug-iphonesimulator/Segment_Segment.build/empty-Segment_Segment.plist -producttype com.apple.product-type.bundle -expandbuildsettings -format binary -platform iphonesimulator -o /Users/voxels/Library/Developer/Xcode/DerivedData/Diver-fkxymducaaydoifhoeeiimpntqeq/Build/Products/Debug-iphonesimulator/Segment_Segment.bundle/Info.plist

ProcessInfoPlistFile /Users/voxels/Library/Developer/Xcode/DerivedData/Diver-fkxymducaaydoifhoeeiimpntqeq/Build/Products/Debug-iphonesimulator/DiverKit_DiverKit.bundle/Info.plist /Users/voxels/Library/Developer/Xcode/DerivedData/Diver-fkxymducaaydoifhoeeiimpntqeq/Build/Intermediates.noindex/DiverKit.build/Debug-iphonesimulator/DiverKit_DiverKit.build/empty-DiverKit_DiverKit.plist (in target 'DiverKit_DiverKit' from project 'DiverKit')
    cd /Users/voxels/Documents/dev/Superbright/Diver/DiverKit
    builtin-infoPlistUtility /Users/voxels/Library/Developer/Xcode/DerivedData/Diver-fkxymducaaydoifhoeeiimpntqeq/Build/Intermediates.noindex/DiverKit.build/Debug-iphonesimulator/DiverKit_DiverKit.build/empty-DiverKit_DiverKit.plist -producttype com.apple.product-type.bundle -expandbuildsettings -format binary -platform iphonesimulator -o /Users/voxels/Library/Developer/Xcode/DerivedData/Diver-fkxymducaaydoifhoeeiimpntqeq/Build/Products/Debug-iphonesimulator/DiverKit_DiverKit.bundle/Info.plist

SwiftDriver DiverKit normal arm64 com.apple.xcode.tools.swift.compiler (in target 'DiverKit' from project 'DiverKit')
    cd /Users/voxels/Documents/dev/Superbright/Diver/Diver/Diver.xcodeproj
    builtin-SwiftDriver -- /Applications/Xcode.app/Contents/Developer/Toolchains/XcodeDefault.xctoolchain/usr/bin/swiftc -module-name DiverKit -Onone -enforce-exclusivity\=checked @/Users/voxels/Library/Developer/Xcode/DerivedData/Diver-fkxymducaaydoifhoeeiimpntqeq/Build/Intermediates.noindex/DiverKit.build/Debug-iphonesimulator/DiverKit.build/Objects-normal/arm64/DiverKit.SwiftFileList -DSWIFT_PACKAGE -DDEBUG -DSWIFT_MODULE_RESOURCE_BUNDLE_AVAILABLE -Xcc -fmodule-map-file\=/Users/voxels/Library/Developer/Xcode/DerivedData/Diver-fkxymducaaydoifhoeeiimpntqeq/Build/Intermediates.noindex/GeneratedModuleMaps-iphonesimulator/COpenCombineHelpers.modulemap -DXcode -plugin-path /Applications/Xcode.app/Contents/Developer/Toolchains/XcodeDefault.xctoolchain/usr/lib/swift/host/plugins/testing -enable-experimental-feature DebugDescriptionMacro -sdk /Applications/Xcode.app/Contents/Developer/Platforms/iPhoneSimulator.platform/Developer/SDKs/iPhoneSimulator26.2.sdk -target arm64-apple-ios18.0-simulator -g -module-cache-path /Users/voxels/Library/Developer/Xcode/DerivedData/ModuleCache.noindex -Xfrontend -serialize-debugging-options -enable-testing -index-store-path /Users/voxels/Library/Developer/Xcode/DerivedData/Diver-fkxymducaaydoifhoeeiimpntqeq/Index.noindex/DataStore -Xcc -D_LIBCPP_HARDENING_MODE\=_LIBCPP_HARDENING_MODE_DEBUG -swift-version 6 -I /Users/voxels/Library/Developer/Xcode/DerivedData/Diver-fkxymducaaydoifhoeeiimpntqeq/Build/Products/Debug-iphonesimulator -Isystem /Applications/Xcode.app/Contents/Developer/Platforms/iPhoneSimulator.platform/Developer/usr/lib -F /Users/voxels/Library/Developer/Xcode/DerivedData/Diver-fkxymducaaydoifhoeeiimpntqeq/Build/Products/Debug-iphonesimulator/PackageFrameworks -F /Users/voxels/Library/Developer/Xcode/DerivedData/Diver-fkxymducaaydoifhoeeiimpntqeq/Build/Products/Debug-iphonesimulator/PackageFrameworks -F /Users/voxels/Library/Developer/Xcode/DerivedData/Diver-fkxymducaaydoifhoeeiimpntqeq/Build/Products/Debug-iphonesimulator/PackageFrameworks -F /Users/voxels/Library/Developer/Xcode/DerivedData/Diver-fkxymducaaydoifhoeeiimpntqeq/Build/Products/Debug-iphonesimulator/PackageFrameworks -F /Users/voxels/Library/Developer/Xcode/DerivedData/Diver-fkxymducaaydoifhoeeiimpntqeq/Build/Products/Debug-iphonesimulator/PackageFrameworks -F /Users/voxels/Library/Developer/Xcode/DerivedData/Diver-fkxymducaaydoifhoeeiimpntqeq/Build/Products/Debug-iphonesimulator/PackageFrameworks -F /Users/voxels/Library/Developer/Xcode/DerivedData/Diver-fkxymducaaydoifhoeeiimpntqeq/Build/Products/Debug-iphonesimulator/PackageFrameworks -F /Users/voxels/Library/Developer/Xcode/DerivedData/Diver-fkxymducaaydoifhoeeiimpntqeq/Build/Products/Debug-iphonesimulator/PackageFrameworks -F /Users/voxels/Library/Developer/Xcode/DerivedData/Diver-fkxymducaaydoifhoeeiimpntqeq/Build/Products/Debug-iphonesimulator/PackageFrameworks -F /Users/voxels/Library/Developer/Xcode/DerivedData/Diver-fkxymducaaydoifhoeeiimpntqeq/Build/Products/Debug-iphonesimulator/PackageFrameworks -F /Users/voxels/Library/Developer/Xcode/DerivedData/Diver-fkxymducaaydoifhoeeiimpntqeq/Build/Products/Debug-iphonesimulator/PackageFrameworks -F /Users/voxels/Library/Developer/Xcode/DerivedData/Diver-fkxymducaaydoifhoeeiimpntqeq/Build/Products/Debug-iphonesimulator/PackageFrameworks -F /Users/voxels/Library/Developer/Xcode/DerivedData/Diver-fkxymducaaydoifhoeeiimpntqeq/Build/Products/Debug-iphonesimulator -F /Applications/Xcode.app/Contents/Developer/Platforms/iPhoneSimulator.platform/Developer/Library/Frameworks -F /Applications/Xcode.app/Contents/Developer/Platforms/iPhoneSimulator.platform/Developer/SDKs/iPhoneSimulator26.2.sdk/Developer/Library/Frameworks -c -j12 -enable-batch-mode -incremental -Xcc -ivfsstatcache -Xcc /Users/voxels/Library/Developer/Xcode/DerivedData/SDKStatCaches.noindex/iphonesimulator26.2-23C53-3885c01c3e6b6a337905948deab2002e7d00a8b37fbd7999ea79df8ebc024bf0.sdkstatcache -output-file-map /Users/voxels/Library/Developer/Xcode/DerivedData/Diver-fkxymducaaydoifhoeeiimpntqeq/Build/Intermediates.noindex/DiverKit.build/Debug-iphonesimulator/DiverKit.build/Objects-normal/arm64/DiverKit-OutputFileMap.json -use-frontend-parseable-output -save-temps -no-color-diagnostics -explicit-module-build -module-cache-path /Users/voxels/Library/Developer/Xcode/DerivedData/Diver-fkxymducaaydoifhoeeiimpntqeq/Build/Intermediates.noindex/SwiftExplicitPrecompiledModules -clang-scanner-module-cache-path /Users/voxels/Library/Developer/Xcode/DerivedData/ModuleCache.noindex -sdk-module-cache-path /Users/voxels/Library/Developer/Xcode/DerivedData/ModuleCache.noindex -serialize-diagnostics -emit-dependencies -emit-module -emit-module-path /Users/voxels/Library/Developer/Xcode/DerivedData/Diver-fkxymducaaydoifhoeeiimpntqeq/Build/Intermediates.noindex/DiverKit.build/Debug-iphonesimulator/DiverKit.build/Objects-normal/arm64/DiverKit.swiftmodule -validate-clang-modules-once -clang-build-session-file /Users/voxels/Library/Developer/Xcode/DerivedData/ModuleCache.noindex/Session.modulevalidation -package-name diverkit -Xcc -I/Users/voxels/Library/Developer/Xcode/DerivedData/Diver-fkxymducaaydoifhoeeiimpntqeq/Build/Intermediates.noindex/DiverKit.build/Debug-iphonesimulator/DiverKit.build/swift-overrides.hmap -emit-const-values -Xfrontend -const-gather-protocols-file -Xfrontend /Users/voxels/Library/Developer/Xcode/DerivedData/Diver-fkxymducaaydoifhoeeiimpntqeq/Build/Intermediates.noindex/DiverKit.build/Debug-iphonesimulator/DiverKit.build/Objects-normal/arm64/DiverKit_const_extract_protocols.json -Xcc -I/Users/voxels/Library/Developer/Xcode/DerivedData/Diver-fkxymducaaydoifhoeeiimpntqeq/SourcePackages/checkouts/swift-crypto/Sources/CCryptoBoringSSLShims/include -Xcc -I/Users/voxels/Library/Developer/Xcode/DerivedData/Diver-fkxymducaaydoifhoeeiimpntqeq/SourcePackages/checkouts/swift-crypto/Sources/CCryptoBoringSSL/include -Xcc -I/Users/voxels/Library/Developer/Xcode/DerivedData/Diver-fkxymducaaydoifhoeeiimpntqeq/SourcePackages/checkouts/OpenCombine/Sources/COpenCombineHelpers/include -Xcc -I/Users/voxels/Library/Developer/Xcode/DerivedData/Diver-fkxymducaaydoifhoeeiimpntqeq/Build/Products/Debug-iphonesimulator/include -Xcc -I/Users/voxels/Library/Developer/Xcode/DerivedData/Diver-fkxymducaaydoifhoeeiimpntqeq/Build/Intermediates.noindex/DiverKit.build/Debug-iphonesimulator/DiverKit.build/DerivedSources-normal/arm64 -Xcc -I/Users/voxels/Library/Developer/Xcode/DerivedData/Diver-fkxymducaaydoifhoeeiimpntqeq/Build/Intermediates.noindex/DiverKit.build/Debug-iphonesimulator/DiverKit.build/DerivedSources/arm64 -Xcc -I/Users/voxels/Library/Developer/Xcode/DerivedData/Diver-fkxymducaaydoifhoeeiimpntqeq/Build/Intermediates.noindex/DiverKit.build/Debug-iphonesimulator/DiverKit.build/DerivedSources -Xcc -DSWIFT_PACKAGE -Xcc -DDEBUG\=1 -emit-objc-header -emit-objc-header-path /Users/voxels/Library/Developer/Xcode/DerivedData/Diver-fkxymducaaydoifhoeeiimpntqeq/Build/Intermediates.noindex/DiverKit.build/Debug-iphonesimulator/DiverKit.build/Objects-normal/arm64/DiverKit-Swift.h -working-directory /Users/voxels/Documents/dev/Superbright/Diver/Diver/Diver.xcodeproj -experimental-emit-module-separately -disable-cmo
/Users/voxels/Documents/dev/Superbright/Diver/DiverKit/Sources/DiverKit/ViewModel/VisualIntelligenceViewModel.swift:1011:18: error: consecutive statements on a line must be separated by ';'
                } else if !dataToProcess.questions.isEmpty {
                 ^
                 ;
/Users/voxels/Documents/dev/Superbright/Diver/DiverKit/Sources/DiverKit/ViewModel/VisualIntelligenceViewModel.swift:1011:19: error: expected expression
                } else if !dataToProcess.questions.isEmpty {
                  ^
/Users/voxels/Documents/dev/Superbright/Diver/DiverKit/Sources/DiverKit/ViewModel/VisualIntelligenceViewModel.swift:1011:24: error: statements are not allowed at the top level
                } else if !dataToProcess.questions.isEmpty {
                       ^
/Users/voxels/Documents/dev/Superbright/Diver/DiverKit/Sources/DiverKit/ViewModel/VisualIntelligenceViewModel.swift:1015:13: error: extraneous '}' at top level
            }
            ^
            
/Users/voxels/Documents/dev/Superbright/Diver/DiverKit/Sources/DiverKit/ViewModel/VisualIntelligenceViewModel.swift:1017:13: error: statements are not allowed at the top level
            return finalResults
            ^
/Users/voxels/Documents/dev/Superbright/Diver/DiverKit/Sources/DiverKit/ViewModel/VisualIntelligenceViewModel.swift:1018:9: error: extraneous '}' at top level
        }
        ^
        
/Users/voxels/Documents/dev/Superbright/Diver/DiverKit/Sources/DiverKit/ViewModel/VisualIntelligenceViewModel.swift:1019:5: error: extraneous '}' at top level
    }
    ^
    
/Users/voxels/Documents/dev/Superbright/Diver/DiverKit/Sources/DiverKit/ViewModel/VisualIntelligenceViewModel.swift:1020:1: error: extraneous '}' at top level
}
^
/Users/voxels/Documents/dev/Superbright/Diver/DiverKit/Sources/DiverKit/ViewModel/VisualIntelligenceViewModel.swift:1011:18: error: Consecutive statements on a line must be separated by ';'
                } else if !dataToProcess.questions.isEmpty {
                 ^
                 ; (in target 'DiverKit' from project 'DiverKit')
/Users/voxels/Documents/dev/Superbright/Diver/DiverKit/Sources/DiverKit/ViewModel/VisualIntelligenceViewModel.swift:1011:19: error: Expected expression
                } else if !dataToProcess.questions.isEmpty {
                  ^ (in target 'DiverKit' from project 'DiverKit')
/Users/voxels/Documents/dev/Superbright/Diver/DiverKit/Sources/DiverKit/ViewModel/VisualIntelligenceViewModel.swift:1011:24: error: Statements are not allowed at the top level
                } else if !dataToProcess.questions.isEmpty {
                       ^ (in target 'DiverKit' from project 'DiverKit')
/Users/voxels/Documents/dev/Superbright/Diver/DiverKit/Sources/DiverKit/ViewModel/VisualIntelligenceViewModel.swift:1015:13: error: Extraneous '}' at top level
            }
            ^
             (in target 'DiverKit' from project 'DiverKit')
/Users/voxels/Documents/dev/Superbright/Diver/DiverKit/Sources/DiverKit/ViewModel/VisualIntelligenceViewModel.swift:1017:13: error: Statements are not allowed at the top level
            return finalResults
            ^ (in target 'DiverKit' from project 'DiverKit')
/Users/voxels/Documents/dev/Superbright/Diver/DiverKit/Sources/DiverKit/ViewModel/VisualIntelligenceViewModel.swift:1018:9: error: Extraneous '}' at top level
        }
        ^
         (in target 'DiverKit' from project 'DiverKit')
/Users/voxels/Documents/dev/Superbright/Diver/DiverKit/Sources/DiverKit/ViewModel/VisualIntelligenceViewModel.swift:1019:5: error: Extraneous '}' at top level
    }
    ^
     (in target 'DiverKit' from project 'DiverKit')
/Users/voxels/Documents/dev/Superbright/Diver/DiverKit/Sources/DiverKit/ViewModel/VisualIntelligenceViewModel.swift:1020:1: error: Extraneous '}' at top level
}
^ (in target 'DiverKit' from project 'DiverKit')

ProcessInfoPlistFile /Users/voxels/Library/Developer/Xcode/DerivedData/Diver-fkxymducaaydoifhoeeiimpntqeq/Build/Products/Debug-iphonesimulator/knowmaps_knowmaps.bundle/Info.plist /Users/voxels/Library/Developer/Xcode/DerivedData/Diver-fkxymducaaydoifhoeeiimpntqeq/Build/Intermediates.noindex/knowmaps.build/Debug-iphonesimulator/knowmaps_knowmaps.build/empty-knowmaps_knowmaps.plist (in target 'knowmaps_knowmaps' from project 'knowmaps')
    cd /Users/voxels/Documents/dev/Superbright/Know-Maps
    builtin-infoPlistUtility /Users/voxels/Library/Developer/Xcode/DerivedData/Diver-fkxymducaaydoifhoeeiimpntqeq/Build/Intermediates.noindex/knowmaps.build/Debug-iphonesimulator/knowmaps_knowmaps.build/empty-knowmaps_knowmaps.plist -producttype com.apple.product-type.bundle -expandbuildsettings -format binary -platform iphonesimulator -additionalcontentfile /Users/voxels/Library/Developer/Xcode/DerivedData/Diver-fkxymducaaydoifhoeeiimpntqeq/Build/Intermediates.noindex/knowmaps.build/Debug-iphonesimulator/knowmaps_knowmaps.build/FoursquareSectionClassifier-CoreMLPartialInfo.plist -additionalcontentfile /Users/voxels/Library/Developer/Xcode/DerivedData/Diver-fkxymducaaydoifhoeeiimpntqeq/Build/Intermediates.noindex/knowmaps.build/Debug-iphonesimulator/knowmaps_knowmaps.build/LocalMapsQueryClassifier-CoreMLPartialInfo.plist -additionalcontentfile /Users/voxels/Library/Developer/Xcode/DerivedData/Diver-fkxymducaaydoifhoeeiimpntqeq/Build/Intermediates.noindex/knowmaps.build/Debug-iphonesimulator/knowmaps_knowmaps.build/LocalMapsQueryClassifier\ 1-CoreMLPartialInfo.plist -additionalcontentfile /Users/voxels/Library/Developer/Xcode/DerivedData/Diver-fkxymducaaydoifhoeeiimpntqeq/Build/Intermediates.noindex/knowmaps.build/Debug-iphonesimulator/knowmaps_knowmaps.build/LocalMapsQueryTagger-CoreMLPartialInfo.plist -additionalcontentfile /Users/voxels/Library/Developer/Xcode/DerivedData/Diver-fkxymducaaydoifhoeeiimpntqeq/Build/Intermediates.noindex/knowmaps.build/Debug-iphonesimulator/knowmaps_knowmaps.build/LocalMapsQueryTagger\ 1-CoreMLPartialInfo.plist -additionalcontentfile /Users/voxels/Library/Developer/Xcode/DerivedData/Diver-fkxymducaaydoifhoeeiimpntqeq/Build/Intermediates.noindex/knowmaps.build/Debug-iphonesimulator/knowmaps_knowmaps.build/MiniLM-L12-Embedding-CoreMLPartialInfo.plist -additionalcontentfile /Users/voxels/Library/Developer/Xcode/DerivedData/Diver-fkxymducaaydoifhoeeiimpntqeq/Build/Intermediates.noindex/knowmaps.build/Debug-iphonesimulator/knowmaps_knowmaps.build/assetcatalog_generated_info.plist -o /Users/voxels/Library/Developer/Xcode/DerivedData/Diver-fkxymducaaydoifhoeeiimpntqeq/Build/Products/Debug-iphonesimulator/knowmaps_knowmaps.bundle/Info.plist

** BUILD FAILED **


The following build commands failed:
	SwiftDriver DiverKit normal arm64 com.apple.xcode.tools.swift.compiler (in target 'DiverKit' from project 'DiverKit')
	Building project Diver with scheme Diver_iOS
(2 failures)
