Command line invocation:
    /Applications/Xcode.app/Contents/Developer/usr/bin/xcodebuild -scheme Diver_iOS -destination "platform=iOS Simulator,name=iPhone 17" build

Resolve Package Graph


Resolved source packages:
  swift-concurrency-extras: https://github.com/pointfreeco/swift-concurrency-extras @ 1.3.2
  Sovran: https://github.com/segmentio/sovran-swift.git @ 1.1.2
  Nuke: https://github.com/kean/Nuke @ 12.8.0
  DiverShared: /Users/voxels/Documents/dev/Superbright/Diver/DiverShared
  LDSwiftEventSource: https://github.com/launchdarkly/swift-eventsource @ 3.3.0
  knowmaps: /Users/voxels/Documents/dev/Superbright/Know-Maps @ local
  xctest-dynamic-overlay: https://github.com/pointfreeco/xctest-dynamic-overlay @ 1.8.1
  swift-log: https://github.com/apple/swift-log.git @ 1.8.0
  Supabase: https://github.com/supabase/supabase-swift @ 2.33.1
  swift-crypto: https://github.com/apple/swift-crypto.git @ 1.1.7
  OpenCombine: https://github.com/OpenCombine/OpenCombine.git @ 0.14.0
  DiverKit: /Users/voxels/Documents/dev/Superbright/Diver/DiverKit
  swift-clocks: https://github.com/pointfreeco/swift-clocks @ 1.0.6
  SpotifyAPI: https://github.com/Peter-Schorn/SpotifyAPI @ 4.0.2
  JSONSafeEncoding: https://github.com/segmentio/jsonsafeencoding-swift.git @ 2.0.0
  RegularExpressions: https://github.com/Peter-Schorn/RegularExpressions.git @ 2.2.0
  swift-http-types: https://github.com/apple/swift-http-types.git @ 1.5.1
  Segment: https://github.com/segmentio/analytics-swift @ 1.6.2

ComputePackagePrebuildTargetDependencyGraph

Prepare packages

CreateBuildRequest

SendProjectDescription

CreateBuildOperation

ComputeTargetDependencyGraph
note: Building targets in dependency order
note: Target dependency graph (59 targets)
    Target 'Diver_iOS' in project 'Diver'
        ➜ Explicit dependency on target 'ActionExtension' in project 'Diver'
        ➜ Explicit dependency on target 'DiverWidgetExtension' in project 'Diver'
        ➜ Explicit dependency on target 'DiverKit' in project 'DiverKit'
        ➜ Explicit dependency on target 'DiverShared' in project 'DiverShared'
        ➜ Explicit dependency on target 'knowmaps' in project 'knowmaps'
    Target 'DiverWidgetExtension' in project 'Diver'
        ➜ Explicit dependency on target 'DiverShared' in project 'DiverShared'
        ➜ Explicit dependency on target 'knowmaps' in project 'knowmaps'
        ➜ Explicit dependency on target 'DiverKit' in project 'DiverKit'
    Target 'knowmaps' in project 'knowmaps'
        ➜ Explicit dependency on target 'knowmaps' in project 'knowmaps'
        ➜ Explicit dependency on target 'knowmaps_knowmaps' in project 'knowmaps'
        ➜ Explicit dependency on target 'NukeUI' in project 'Nuke'
        ➜ Explicit dependency on target 'Segment' in project 'Segment'
        ➜ Explicit dependency on target 'Supabase' in project 'Supabase'
    Target 'knowmaps' in project 'knowmaps'
        ➜ Explicit dependency on target 'knowmaps_knowmaps' in project 'knowmaps'
        ➜ Explicit dependency on target 'NukeUI' in project 'Nuke'
        ➜ Explicit dependency on target 'Segment' in project 'Segment'
        ➜ Explicit dependency on target 'Supabase' in project 'Supabase'
    Target 'Supabase' in project 'Supabase'
        ➜ Explicit dependency on target 'Supabase' in project 'Supabase'
        ➜ Explicit dependency on target 'Functions' in project 'Supabase'
        ➜ Explicit dependency on target 'PostgREST' in project 'Supabase'
        ➜ Explicit dependency on target 'Auth' in project 'Supabase'
        ➜ Explicit dependency on target 'Realtime' in project 'Supabase'
        ➜ Explicit dependency on target 'Storage' in project 'Supabase'
        ➜ Explicit dependency on target 'Helpers' in project 'Supabase'
        ➜ Explicit dependency on target 'ConcurrencyExtras' in project 'swift-concurrency-extras'
        ➜ Explicit dependency on target 'HTTPTypes' in project 'swift-http-types'
        ➜ Explicit dependency on target 'Clocks' in project 'swift-clocks'
        ➜ Explicit dependency on target 'XCTestDynamicOverlay' in project 'xctest-dynamic-overlay'
        ➜ Explicit dependency on target 'Crypto' in project 'swift-crypto'
        ➜ Explicit dependency on target 'IssueReporting' in project 'xctest-dynamic-overlay'
    Target 'Supabase' in project 'Supabase'
        ➜ Explicit dependency on target 'Helpers' in project 'Supabase'
        ➜ Explicit dependency on target 'Auth' in project 'Supabase'
        ➜ Explicit dependency on target 'Functions' in project 'Supabase'
        ➜ Explicit dependency on target 'PostgREST' in project 'Supabase'
        ➜ Explicit dependency on target 'Realtime' in project 'Supabase'
        ➜ Explicit dependency on target 'Storage' in project 'Supabase'
        ➜ Explicit dependency on target 'ConcurrencyExtras' in project 'swift-concurrency-extras'
        ➜ Explicit dependency on target 'HTTPTypes' in project 'swift-http-types'
        ➜ Explicit dependency on target 'Clocks' in project 'swift-clocks'
        ➜ Explicit dependency on target 'XCTestDynamicOverlay' in project 'xctest-dynamic-overlay'
        ➜ Explicit dependency on target 'Crypto' in project 'swift-crypto'
        ➜ Explicit dependency on target 'IssueReporting' in project 'xctest-dynamic-overlay'
    Target 'Storage' in project 'Supabase'
        ➜ Explicit dependency on target 'Helpers' in project 'Supabase'
        ➜ Explicit dependency on target 'ConcurrencyExtras' in project 'swift-concurrency-extras'
        ➜ Explicit dependency on target 'HTTPTypes' in project 'swift-http-types'
        ➜ Explicit dependency on target 'Clocks' in project 'swift-clocks'
        ➜ Explicit dependency on target 'XCTestDynamicOverlay' in project 'xctest-dynamic-overlay'
    Target 'Realtime' in project 'Supabase'
        ➜ Explicit dependency on target 'Helpers' in project 'Supabase'
        ➜ Explicit dependency on target 'ConcurrencyExtras' in project 'swift-concurrency-extras'
        ➜ Explicit dependency on target 'HTTPTypes' in project 'swift-http-types'
        ➜ Explicit dependency on target 'Clocks' in project 'swift-clocks'
        ➜ Explicit dependency on target 'XCTestDynamicOverlay' in project 'xctest-dynamic-overlay'
        ➜ Explicit dependency on target 'IssueReporting' in project 'xctest-dynamic-overlay'
    Target 'PostgREST' in project 'Supabase'
        ➜ Explicit dependency on target 'Helpers' in project 'Supabase'
        ➜ Explicit dependency on target 'ConcurrencyExtras' in project 'swift-concurrency-extras'
        ➜ Explicit dependency on target 'HTTPTypes' in project 'swift-http-types'
        ➜ Explicit dependency on target 'Clocks' in project 'swift-clocks'
        ➜ Explicit dependency on target 'XCTestDynamicOverlay' in project 'xctest-dynamic-overlay'
    Target 'Functions' in project 'Supabase'
        ➜ Explicit dependency on target 'Helpers' in project 'Supabase'
        ➜ Explicit dependency on target 'ConcurrencyExtras' in project 'swift-concurrency-extras'
        ➜ Explicit dependency on target 'HTTPTypes' in project 'swift-http-types'
        ➜ Explicit dependency on target 'Clocks' in project 'swift-clocks'
        ➜ Explicit dependency on target 'XCTestDynamicOverlay' in project 'xctest-dynamic-overlay'
    Target 'Auth' in project 'Supabase'
        ➜ Explicit dependency on target 'Helpers' in project 'Supabase'
        ➜ Explicit dependency on target 'ConcurrencyExtras' in project 'swift-concurrency-extras'
        ➜ Explicit dependency on target 'HTTPTypes' in project 'swift-http-types'
        ➜ Explicit dependency on target 'Clocks' in project 'swift-clocks'
        ➜ Explicit dependency on target 'XCTestDynamicOverlay' in project 'xctest-dynamic-overlay'
        ➜ Explicit dependency on target 'Crypto' in project 'swift-crypto'
    Target 'Helpers' in project 'Supabase'
        ➜ Explicit dependency on target 'ConcurrencyExtras' in project 'swift-concurrency-extras'
        ➜ Explicit dependency on target 'HTTPTypes' in project 'swift-http-types'
        ➜ Explicit dependency on target 'Clocks' in project 'swift-clocks'
        ➜ Explicit dependency on target 'XCTestDynamicOverlay' in project 'xctest-dynamic-overlay'
    Target 'XCTestDynamicOverlay' in project 'xctest-dynamic-overlay'
        ➜ Explicit dependency on target 'XCTestDynamicOverlay' in project 'xctest-dynamic-overlay'
        ➜ Explicit dependency on target 'IssueReportingPackageSupport' in project 'xctest-dynamic-overlay'
        ➜ Explicit dependency on target 'IssueReporting' in project 'xctest-dynamic-overlay'
    Target 'XCTestDynamicOverlay' in project 'xctest-dynamic-overlay'
        ➜ Explicit dependency on target 'IssueReportingPackageSupport' in project 'xctest-dynamic-overlay'
        ➜ Explicit dependency on target 'IssueReporting' in project 'xctest-dynamic-overlay'
    Target 'Clocks' in project 'swift-clocks'
        ➜ Explicit dependency on target 'Clocks' in project 'swift-clocks'
        ➜ Explicit dependency on target 'ConcurrencyExtras' in project 'swift-concurrency-extras'
        ➜ Explicit dependency on target 'IssueReporting' in project 'xctest-dynamic-overlay'
    Target 'Clocks' in project 'swift-clocks'
        ➜ Explicit dependency on target 'ConcurrencyExtras' in project 'swift-concurrency-extras'
        ➜ Explicit dependency on target 'IssueReporting' in project 'xctest-dynamic-overlay'
    Target 'IssueReporting' in project 'xctest-dynamic-overlay'
        ➜ Explicit dependency on target 'IssueReporting' in project 'xctest-dynamic-overlay'
        ➜ Explicit dependency on target 'IssueReportingPackageSupport' in project 'xctest-dynamic-overlay'
    Target 'IssueReporting' in project 'xctest-dynamic-overlay'
        ➜ Explicit dependency on target 'IssueReportingPackageSupport' in project 'xctest-dynamic-overlay'
    Target 'IssueReportingPackageSupport' in project 'xctest-dynamic-overlay' (no dependencies)
    Target 'HTTPTypes' in project 'swift-http-types'
        ➜ Explicit dependency on target 'HTTPTypes' in project 'swift-http-types'
    Target 'HTTPTypes' in project 'swift-http-types' (no dependencies)
    Target 'ConcurrencyExtras' in project 'swift-concurrency-extras'
        ➜ Explicit dependency on target 'ConcurrencyExtras' in project 'swift-concurrency-extras'
    Target 'ConcurrencyExtras' in project 'swift-concurrency-extras' (no dependencies)
    Target 'Segment' in project 'Segment'
        ➜ Explicit dependency on target 'Segment' in project 'Segment'
        ➜ Explicit dependency on target 'Segment_Segment' in project 'Segment'
        ➜ Explicit dependency on target 'Sovran' in project 'Sovran'
        ➜ Explicit dependency on target 'JSONSafeEncoding' in project 'JSONSafeEncoding'
    Target 'Segment' in project 'Segment'
        ➜ Explicit dependency on target 'Segment_Segment' in project 'Segment'
        ➜ Explicit dependency on target 'Sovran' in project 'Sovran'
        ➜ Explicit dependency on target 'JSONSafeEncoding' in project 'JSONSafeEncoding'
    Target 'JSONSafeEncoding' in project 'JSONSafeEncoding'
        ➜ Explicit dependency on target 'JSONSafeEncoding' in project 'JSONSafeEncoding'
    Target 'JSONSafeEncoding' in project 'JSONSafeEncoding' (no dependencies)
    Target 'Sovran' in project 'Sovran'
        ➜ Explicit dependency on target 'Sovran' in project 'Sovran'
    Target 'Sovran' in project 'Sovran' (no dependencies)
    Target 'Segment_Segment' in project 'Segment' (no dependencies)
    Target 'NukeUI' in project 'Nuke'
        ➜ Explicit dependency on target 'NukeUI' in project 'Nuke'
        ➜ Explicit dependency on target 'Nuke' in project 'Nuke'
    Target 'NukeUI' in project 'Nuke'
        ➜ Explicit dependency on target 'Nuke' in project 'Nuke'
    Target 'Nuke' in project 'Nuke' (no dependencies)
    Target 'knowmaps_knowmaps' in project 'knowmaps' (no dependencies)
    Target 'ActionExtension' in project 'Diver'
        ➜ Explicit dependency on target 'DiverKit' in project 'DiverKit'
        ➜ Explicit dependency on target 'DiverShared' in project 'DiverShared'
    Target 'DiverKit' in project 'DiverKit'
        ➜ Explicit dependency on target 'DiverKit' in project 'DiverKit'
        ➜ Explicit dependency on target 'DiverKit_DiverKit' in project 'DiverKit'
        ➜ Explicit dependency on target 'LDSwiftEventSource' in project 'LDSwiftEventSource'
        ➜ Explicit dependency on target 'SpotifyAPI' in project 'SpotifyAPI'
        ➜ Explicit dependency on target 'DiverShared' in project 'DiverShared'
    Target 'DiverKit' in project 'DiverKit'
        ➜ Explicit dependency on target 'DiverKit_DiverKit' in project 'DiverKit'
        ➜ Explicit dependency on target 'LDSwiftEventSource' in project 'LDSwiftEventSource'
        ➜ Explicit dependency on target 'SpotifyAPI' in project 'SpotifyAPI'
        ➜ Explicit dependency on target 'DiverShared' in project 'DiverShared'
    Target 'DiverShared' in project 'DiverShared'
        ➜ Explicit dependency on target 'DiverShared' in project 'DiverShared'
    Target 'DiverShared' in project 'DiverShared' (no dependencies)
    Target 'SpotifyAPI' in project 'SpotifyAPI'
        ➜ Explicit dependency on target 'SpotifyWebAPI' in project 'SpotifyAPI'
        ➜ Explicit dependency on target 'RegularExpressions' in project 'RegularExpressions'
        ➜ Explicit dependency on target 'Logging' in project 'swift-log'
        ➜ Explicit dependency on target 'Crypto' in project 'swift-crypto'
        ➜ Explicit dependency on target 'OpenCombine' in project 'OpenCombine'
        ➜ Explicit dependency on target 'OpenCombineDispatch' in project 'OpenCombine'
        ➜ Explicit dependency on target 'OpenCombineFoundation' in project 'OpenCombine'
    Target 'SpotifyWebAPI' in project 'SpotifyAPI'
        ➜ Explicit dependency on target 'RegularExpressions' in project 'RegularExpressions'
        ➜ Explicit dependency on target 'Logging' in project 'swift-log'
        ➜ Explicit dependency on target 'Crypto' in project 'swift-crypto'
        ➜ Explicit dependency on target 'OpenCombine' in project 'OpenCombine'
        ➜ Explicit dependency on target 'OpenCombineDispatch' in project 'OpenCombine'
        ➜ Explicit dependency on target 'OpenCombineFoundation' in project 'OpenCombine'
    Target 'OpenCombineFoundation' in project 'OpenCombine'
        ➜ Explicit dependency on target 'OpenCombineFoundation' in project 'OpenCombine'
        ➜ Explicit dependency on target 'COpenCombineHelpers' in project 'OpenCombine'
        ➜ Explicit dependency on target 'OpenCombine' in project 'OpenCombine'
    Target 'OpenCombineFoundation' in project 'OpenCombine'
        ➜ Explicit dependency on target 'COpenCombineHelpers' in project 'OpenCombine'
        ➜ Explicit dependency on target 'OpenCombine' in project 'OpenCombine'
    Target 'OpenCombineDispatch' in project 'OpenCombine'
        ➜ Explicit dependency on target 'OpenCombineDispatch' in project 'OpenCombine'
        ➜ Explicit dependency on target 'COpenCombineHelpers' in project 'OpenCombine'
        ➜ Explicit dependency on target 'OpenCombine' in project 'OpenCombine'
    Target 'OpenCombineDispatch' in project 'OpenCombine'
        ➜ Explicit dependency on target 'COpenCombineHelpers' in project 'OpenCombine'
        ➜ Explicit dependency on target 'OpenCombine' in project 'OpenCombine'
    Target 'OpenCombine' in project 'OpenCombine'
        ➜ Explicit dependency on target 'OpenCombine' in project 'OpenCombine'
        ➜ Explicit dependency on target 'COpenCombineHelpers' in project 'OpenCombine'
    Target 'OpenCombine' in project 'OpenCombine'
        ➜ Explicit dependency on target 'COpenCombineHelpers' in project 'OpenCombine'
    Target 'COpenCombineHelpers' in project 'OpenCombine' (no dependencies)
    Target 'Crypto' in project 'swift-crypto'
        ➜ Explicit dependency on target 'Crypto' in project 'swift-crypto'
        ➜ Explicit dependency on target 'CCryptoBoringSSL' in project 'swift-crypto'
        ➜ Explicit dependency on target 'CCryptoBoringSSLShims' in project 'swift-crypto'
    Target 'Crypto' in project 'swift-crypto'
        ➜ Explicit dependency on target 'CCryptoBoringSSL' in project 'swift-crypto'
        ➜ Explicit dependency on target 'CCryptoBoringSSLShims' in project 'swift-crypto'
    Target 'CCryptoBoringSSLShims' in project 'swift-crypto'
        ➜ Explicit dependency on target 'CCryptoBoringSSL' in project 'swift-crypto'
    Target 'CCryptoBoringSSL' in project 'swift-crypto' (no dependencies)
    Target 'Logging' in project 'swift-log'
        ➜ Explicit dependency on target 'Logging' in project 'swift-log'
    Target 'Logging' in project 'swift-log' (no dependencies)
    Target 'RegularExpressions' in project 'RegularExpressions'
        ➜ Explicit dependency on target 'RegularExpressions' in project 'RegularExpressions'
    Target 'RegularExpressions' in project 'RegularExpressions' (no dependencies)
    Target 'LDSwiftEventSource' in project 'LDSwiftEventSource'
        ➜ Explicit dependency on target 'LDSwiftEventSource' in project 'LDSwiftEventSource'
    Target 'LDSwiftEventSource' in project 'LDSwiftEventSource' (no dependencies)
    Target 'DiverKit_DiverKit' in project 'DiverKit' (no dependencies)

GatherProvisioningInputs

CreateBuildDescription

ExecuteExternalTool /Applications/Xcode.app/Contents/Developer/Toolchains/XcodeDefault.xctoolchain/usr/bin/swiftc --version

ExecuteExternalTool /Applications/Xcode.app/Contents/Developer/Toolchains/XcodeDefault.xctoolchain/usr/bin/clang -v -E -dM -arch arm64 -isysroot /Applications/Xcode.app/Contents/Developer/Platforms/iPhoneSimulator.platform/Developer/SDKs/iPhoneSimulator26.2.sdk -x c -c /dev/null

ExecuteExternalTool /Applications/Xcode.app/Contents/Developer/Toolchains/XcodeDefault.xctoolchain/usr/bin/clang -v -E -dM -arch arm64 -isysroot /Applications/Xcode.app/Contents/Developer/Platforms/iPhoneSimulator.platform/Developer/SDKs/iPhoneSimulator26.2.sdk -x c++ -c /dev/null

ExecuteExternalTool /Applications/Xcode.app/Contents/Developer/usr/bin/actool --version --output-format xml1

ExecuteExternalTool /usr/bin/what -q /Applications/Xcode.app/Contents/Developer/Toolchains/XcodeDefault.xctoolchain/usr/bin/coremlc

ExecuteExternalTool /Applications/Xcode.app/Contents/Developer/Toolchains/XcodeDefault.xctoolchain/usr/bin/clang -v -E -dM -isysroot /Applications/Xcode.app/Contents/Developer/Platforms/iPhoneSimulator.platform/Developer/SDKs/iPhoneSimulator26.2.sdk -x c -c /dev/null

ExecuteExternalTool /Applications/Xcode.app/Contents/Developer/usr/bin/actool --print-asset-tag-combinations --output-format xml1 /Users/voxels/Documents/dev/Superbright/Diver/Diver/Diver/Assets.xcassets

ExecuteExternalTool /Applications/Xcode.app/Contents/Developer/Toolchains/XcodeDefault.xctoolchain/usr/bin/ld -version_details

ReadFileContents /Applications/Xcode.app/Contents/Developer/Toolchains/XcodeDefault.xctoolchain/usr/share/docc/features.json

ExecuteExternalTool /Applications/Xcode.app/Contents/Developer/Toolchains/XcodeDefault.xctoolchain/usr/bin/clang -v -E -dM -arch arm64 -isysroot /Applications/Xcode.app/Contents/Developer/Platforms/iPhoneSimulator.platform/Developer/SDKs/iPhoneSimulator26.2.sdk -x assembler-with-cpp -c /dev/null

ExecuteExternalTool /Applications/Xcode.app/Contents/Developer/Toolchains/XcodeDefault.xctoolchain/usr/bin/coremlc generate /Users/voxels/Documents/dev/Superbright/Know-Maps/Know-Maps/Know Maps Prod/Model/ML/FoursquareSectionClassifier.mlmodel /Users/voxels/Library/Developer/Xcode/DerivedData/Diver-fkxymducaaydoifhoeeiimpntqeq/Build/Intermediates.noindex/knowmaps.build/Debug-iphonesimulator/knowmaps.build/DerivedSources/CoreMLGenerated/FoursquareSectionClassifier --dry-run yes --deployment-target 26.0 --sdkroot /Applications/Xcode.app/Contents/Developer/Platforms/iPhoneSimulator.platform/Developer/SDKs/iPhoneSimulator26.2.sdk --platform ios --output-partial-info-plist /Users/voxels/Library/Developer/Xcode/DerivedData/Diver-fkxymducaaydoifhoeeiimpntqeq/Build/Intermediates.noindex/knowmaps.build/Debug-iphonesimulator/knowmaps.build/FoursquareSectionClassifier-CoreMLPartialInfo.plist --container swift-package --language Swift --swift-version 5 --public-access

ExecuteExternalTool /Applications/Xcode.app/Contents/Developer/Toolchains/XcodeDefault.xctoolchain/usr/bin/coremlc generate /Users/voxels/Documents/dev/Superbright/Know-Maps/Know-Maps/Know Maps Prod/Model/ML/LocalMapsQueryClassifier.mlmodel /Users/voxels/Library/Developer/Xcode/DerivedData/Diver-fkxymducaaydoifhoeeiimpntqeq/Build/Intermediates.noindex/knowmaps.build/Debug-iphonesimulator/knowmaps.build/DerivedSources/CoreMLGenerated/LocalMapsQueryClassifier --dry-run yes --deployment-target 26.0 --sdkroot /Applications/Xcode.app/Contents/Developer/Platforms/iPhoneSimulator.platform/Developer/SDKs/iPhoneSimulator26.2.sdk --platform ios --output-partial-info-plist /Users/voxels/Library/Developer/Xcode/DerivedData/Diver-fkxymducaaydoifhoeeiimpntqeq/Build/Intermediates.noindex/knowmaps.build/Debug-iphonesimulator/knowmaps.build/LocalMapsQueryClassifier-CoreMLPartialInfo.plist --container swift-package --language Swift --swift-version 5 --public-access

ExecuteExternalTool /Applications/Xcode.app/Contents/Developer/Toolchains/XcodeDefault.xctoolchain/usr/bin/coremlc generate /Users/voxels/Documents/dev/Superbright/Know-Maps/Know-Maps/Know Maps Prod/Model/ML/LocalMapsQueryClassifier.mlproj/Models/LocalMapsQueryClassifier 1.mlmodel /Users/voxels/Library/Developer/Xcode/DerivedData/Diver-fkxymducaaydoifhoeeiimpntqeq/Build/Intermediates.noindex/knowmaps.build/Debug-iphonesimulator/knowmaps.build/DerivedSources/CoreMLGenerated/LocalMapsQueryClassifier 1 --dry-run yes --deployment-target 26.0 --sdkroot /Applications/Xcode.app/Contents/Developer/Platforms/iPhoneSimulator.platform/Developer/SDKs/iPhoneSimulator26.2.sdk --platform ios --output-partial-info-plist /Users/voxels/Library/Developer/Xcode/DerivedData/Diver-fkxymducaaydoifhoeeiimpntqeq/Build/Intermediates.noindex/knowmaps.build/Debug-iphonesimulator/knowmaps.build/LocalMapsQueryClassifier 1-CoreMLPartialInfo.plist --container swift-package --language Swift --swift-version 5 --public-access

ExecuteExternalTool /Applications/Xcode.app/Contents/Developer/Toolchains/XcodeDefault.xctoolchain/usr/bin/coremlc generate /Users/voxels/Documents/dev/Superbright/Know-Maps/Know-Maps/Know Maps Prod/Model/ML/LocalMapsQueryTagger.mlpackage /Users/voxels/Library/Developer/Xcode/DerivedData/Diver-fkxymducaaydoifhoeeiimpntqeq/Build/Intermediates.noindex/knowmaps.build/Debug-iphonesimulator/knowmaps.build/DerivedSources/CoreMLGenerated/LocalMapsQueryTagger --dry-run yes --deployment-target 26.0 --sdkroot /Applications/Xcode.app/Contents/Developer/Platforms/iPhoneSimulator.platform/Developer/SDKs/iPhoneSimulator26.2.sdk --platform ios --output-partial-info-plist /Users/voxels/Library/Developer/Xcode/DerivedData/Diver-fkxymducaaydoifhoeeiimpntqeq/Build/Intermediates.noindex/knowmaps.build/Debug-iphonesimulator/knowmaps.build/LocalMapsQueryTagger-CoreMLPartialInfo.plist --container swift-package --language Swift --swift-version 5 --public-access

ExecuteExternalTool /Applications/Xcode.app/Contents/Developer/Toolchains/XcodeDefault.xctoolchain/usr/bin/coremlc generate /Users/voxels/Documents/dev/Superbright/Know-Maps/Know-Maps/Know Maps Prod/Model/ML/LocalMapsQueryTagger.mlproj/Models/LocalMapsQueryTagger 1.mlmodel /Users/voxels/Library/Developer/Xcode/DerivedData/Diver-fkxymducaaydoifhoeeiimpntqeq/Build/Intermediates.noindex/knowmaps.build/Debug-iphonesimulator/knowmaps.build/DerivedSources/CoreMLGenerated/LocalMapsQueryTagger 1 --dry-run yes --deployment-target 26.0 --sdkroot /Applications/Xcode.app/Contents/Developer/Platforms/iPhoneSimulator.platform/Developer/SDKs/iPhoneSimulator26.2.sdk --platform ios --output-partial-info-plist /Users/voxels/Library/Developer/Xcode/DerivedData/Diver-fkxymducaaydoifhoeeiimpntqeq/Build/Intermediates.noindex/knowmaps.build/Debug-iphonesimulator/knowmaps.build/LocalMapsQueryTagger 1-CoreMLPartialInfo.plist --container swift-package --language Swift --swift-version 5 --public-access

ExecuteExternalTool /Applications/Xcode.app/Contents/Developer/Toolchains/XcodeDefault.xctoolchain/usr/bin/coremlc generate /Users/voxels/Documents/dev/Superbright/Know-Maps/Know-Maps/Know Maps Prod/Model/ML/MiniLM-L12-Embedding.mlpackage /Users/voxels/Library/Developer/Xcode/DerivedData/Diver-fkxymducaaydoifhoeeiimpntqeq/Build/Intermediates.noindex/knowmaps.build/Debug-iphonesimulator/knowmaps.build/DerivedSources/CoreMLGenerated/MiniLM-L12-Embedding --dry-run yes --deployment-target 26.0 --sdkroot /Applications/Xcode.app/Contents/Developer/Platforms/iPhoneSimulator.platform/Developer/SDKs/iPhoneSimulator26.2.sdk --platform ios --output-partial-info-plist /Users/voxels/Library/Developer/Xcode/DerivedData/Diver-fkxymducaaydoifhoeeiimpntqeq/Build/Intermediates.noindex/knowmaps.build/Debug-iphonesimulator/knowmaps.build/MiniLM-L12-Embedding-CoreMLPartialInfo.plist --container swift-package --language Swift --swift-version 5 --public-access

Build description signature: a733dccde9eb604cd1c121f75ccde1f5
Build description path: /Users/voxels/Library/Developer/Xcode/DerivedData/Diver-fkxymducaaydoifhoeeiimpntqeq/Build/Intermediates.noindex/XCBuildData/a733dccde9eb604cd1c121f75ccde1f5.xcbuilddata
ClangStatCache /Applications/Xcode.app/Contents/Developer/Toolchains/XcodeDefault.xctoolchain/usr/bin/clang-stat-cache /Applications/Xcode.app/Contents/Developer/Platforms/iPhoneSimulator.platform/Developer/SDKs/iPhoneSimulator26.2.sdk /Users/voxels/Library/Developer/Xcode/DerivedData/SDKStatCaches.noindex/iphonesimulator26.2-23C53-3885c01c3e6b6a337905948deab2002e7d00a8b37fbd7999ea79df8ebc024bf0.sdkstatcache
    cd /Users/voxels/Documents/dev/Superbright/Diver/Diver/Diver.xcodeproj
    /Applications/Xcode.app/Contents/Developer/Toolchains/XcodeDefault.xctoolchain/usr/bin/clang-stat-cache /Applications/Xcode.app/Contents/Developer/Platforms/iPhoneSimulator.platform/Developer/SDKs/iPhoneSimulator26.2.sdk -o /Users/voxels/Library/Developer/Xcode/DerivedData/SDKStatCaches.noindex/iphonesimulator26.2-23C53-3885c01c3e6b6a337905948deab2002e7d00a8b37fbd7999ea79df8ebc024bf0.sdkstatcache

ProcessInfoPlistFile /Users/voxels/Library/Developer/Xcode/DerivedData/Diver-fkxymducaaydoifhoeeiimpntqeq/Build/Products/Debug-iphonesimulator/DiverKit_DiverKit.bundle/Info.plist /Users/voxels/Library/Developer/Xcode/DerivedData/Diver-fkxymducaaydoifhoeeiimpntqeq/Build/Intermediates.noindex/DiverKit.build/Debug-iphonesimulator/DiverKit_DiverKit.build/empty-DiverKit_DiverKit.plist (in target 'DiverKit_DiverKit' from project 'DiverKit')
    cd /Users/voxels/Documents/dev/Superbright/Diver/DiverKit
    builtin-infoPlistUtility /Users/voxels/Library/Developer/Xcode/DerivedData/Diver-fkxymducaaydoifhoeeiimpntqeq/Build/Intermediates.noindex/DiverKit.build/Debug-iphonesimulator/DiverKit_DiverKit.build/empty-DiverKit_DiverKit.plist -producttype com.apple.product-type.bundle -expandbuildsettings -format binary -platform iphonesimulator -o /Users/voxels/Library/Developer/Xcode/DerivedData/Diver-fkxymducaaydoifhoeeiimpntqeq/Build/Products/Debug-iphonesimulator/DiverKit_DiverKit.bundle/Info.plist

ProcessInfoPlistFile /Users/voxels/Library/Developer/Xcode/DerivedData/Diver-fkxymducaaydoifhoeeiimpntqeq/Build/Products/Debug-iphonesimulator/Segment_Segment.bundle/Info.plist /Users/voxels/Library/Developer/Xcode/DerivedData/Diver-fkxymducaaydoifhoeeiimpntqeq/Build/Intermediates.noindex/Segment.build/Debug-iphonesimulator/Segment_Segment.build/empty-Segment_Segment.plist (in target 'Segment_Segment' from project 'Segment')
    cd /Users/voxels/Library/Developer/Xcode/DerivedData/Diver-fkxymducaaydoifhoeeiimpntqeq/SourcePackages/checkouts/analytics-swift
    builtin-infoPlistUtility /Users/voxels/Library/Developer/Xcode/DerivedData/Diver-fkxymducaaydoifhoeeiimpntqeq/Build/Intermediates.noindex/Segment.build/Debug-iphonesimulator/Segment_Segment.build/empty-Segment_Segment.plist -producttype com.apple.product-type.bundle -expandbuildsettings -format binary -platform iphonesimulator -o /Users/voxels/Library/Developer/Xcode/DerivedData/Diver-fkxymducaaydoifhoeeiimpntqeq/Build/Products/Debug-iphonesimulator/Segment_Segment.bundle/Info.plist

ProcessInfoPlistFile /Users/voxels/Library/Developer/Xcode/DerivedData/Diver-fkxymducaaydoifhoeeiimpntqeq/Build/Products/Debug-iphonesimulator/knowmaps_knowmaps.bundle/Info.plist /Users/voxels/Library/Developer/Xcode/DerivedData/Diver-fkxymducaaydoifhoeeiimpntqeq/Build/Intermediates.noindex/knowmaps.build/Debug-iphonesimulator/knowmaps_knowmaps.build/empty-knowmaps_knowmaps.plist (in target 'knowmaps_knowmaps' from project 'knowmaps')
    cd /Users/voxels/Documents/dev/Superbright/Know-Maps
    builtin-infoPlistUtility /Users/voxels/Library/Developer/Xcode/DerivedData/Diver-fkxymducaaydoifhoeeiimpntqeq/Build/Intermediates.noindex/knowmaps.build/Debug-iphonesimulator/knowmaps_knowmaps.build/empty-knowmaps_knowmaps.plist -producttype com.apple.product-type.bundle -expandbuildsettings -format binary -platform iphonesimulator -additionalcontentfile /Users/voxels/Library/Developer/Xcode/DerivedData/Diver-fkxymducaaydoifhoeeiimpntqeq/Build/Intermediates.noindex/knowmaps.build/Debug-iphonesimulator/knowmaps_knowmaps.build/FoursquareSectionClassifier-CoreMLPartialInfo.plist -additionalcontentfile /Users/voxels/Library/Developer/Xcode/DerivedData/Diver-fkxymducaaydoifhoeeiimpntqeq/Build/Intermediates.noindex/knowmaps.build/Debug-iphonesimulator/knowmaps_knowmaps.build/LocalMapsQueryClassifier-CoreMLPartialInfo.plist -additionalcontentfile /Users/voxels/Library/Developer/Xcode/DerivedData/Diver-fkxymducaaydoifhoeeiimpntqeq/Build/Intermediates.noindex/knowmaps.build/Debug-iphonesimulator/knowmaps_knowmaps.build/LocalMapsQueryClassifier\ 1-CoreMLPartialInfo.plist -additionalcontentfile /Users/voxels/Library/Developer/Xcode/DerivedData/Diver-fkxymducaaydoifhoeeiimpntqeq/Build/Intermediates.noindex/knowmaps.build/Debug-iphonesimulator/knowmaps_knowmaps.build/LocalMapsQueryTagger-CoreMLPartialInfo.plist -additionalcontentfile /Users/voxels/Library/Developer/Xcode/DerivedData/Diver-fkxymducaaydoifhoeeiimpntqeq/Build/Intermediates.noindex/knowmaps.build/Debug-iphonesimulator/knowmaps_knowmaps.build/LocalMapsQueryTagger\ 1-CoreMLPartialInfo.plist -additionalcontentfile /Users/voxels/Library/Developer/Xcode/DerivedData/Diver-fkxymducaaydoifhoeeiimpntqeq/Build/Intermediates.noindex/knowmaps.build/Debug-iphonesimulator/knowmaps_knowmaps.build/MiniLM-L12-Embedding-CoreMLPartialInfo.plist -additionalcontentfile /Users/voxels/Library/Developer/Xcode/DerivedData/Diver-fkxymducaaydoifhoeeiimpntqeq/Build/Intermediates.noindex/knowmaps.build/Debug-iphonesimulator/knowmaps_knowmaps.build/assetcatalog_generated_info.plist -o /Users/voxels/Library/Developer/Xcode/DerivedData/Diver-fkxymducaaydoifhoeeiimpntqeq/Build/Products/Debug-iphonesimulator/knowmaps_knowmaps.bundle/Info.plist

SwiftDriver DiverKit normal arm64 com.apple.xcode.tools.swift.compiler (in target 'DiverKit' from project 'DiverKit')
    cd /Users/voxels/Documents/dev/Superbright/Diver/Diver/Diver.xcodeproj
    builtin-SwiftDriver -- /Applications/Xcode.app/Contents/Developer/Toolchains/XcodeDefault.xctoolchain/usr/bin/swiftc -module-name DiverKit -Onone -enforce-exclusivity\=checked @/Users/voxels/Library/Developer/Xcode/DerivedData/Diver-fkxymducaaydoifhoeeiimpntqeq/Build/Intermediates.noindex/DiverKit.build/Debug-iphonesimulator/DiverKit.build/Objects-normal/arm64/DiverKit.SwiftFileList -DSWIFT_PACKAGE -DDEBUG -DSWIFT_MODULE_RESOURCE_BUNDLE_AVAILABLE -Xcc -fmodule-map-file\=/Users/voxels/Library/Developer/Xcode/DerivedData/Diver-fkxymducaaydoifhoeeiimpntqeq/Build/Intermediates.noindex/GeneratedModuleMaps-iphonesimulator/COpenCombineHelpers.modulemap -DXcode -plugin-path /Applications/Xcode.app/Contents/Developer/Toolchains/XcodeDefault.xctoolchain/usr/lib/swift/host/plugins/testing -enable-experimental-feature DebugDescriptionMacro -sdk /Applications/Xcode.app/Contents/Developer/Platforms/iPhoneSimulator.platform/Developer/SDKs/iPhoneSimulator26.2.sdk -target arm64-apple-ios18.0-simulator -g -module-cache-path /Users/voxels/Library/Developer/Xcode/DerivedData/ModuleCache.noindex -Xfrontend -serialize-debugging-options -enable-testing -index-store-path /Users/voxels/Library/Developer/Xcode/DerivedData/Diver-fkxymducaaydoifhoeeiimpntqeq/Index.noindex/DataStore -Xcc -D_LIBCPP_HARDENING_MODE\=_LIBCPP_HARDENING_MODE_DEBUG -swift-version 6 -I /Users/voxels/Library/Developer/Xcode/DerivedData/Diver-fkxymducaaydoifhoeeiimpntqeq/Build/Products/Debug-iphonesimulator -Isystem /Applications/Xcode.app/Contents/Developer/Platforms/iPhoneSimulator.platform/Developer/usr/lib -F /Users/voxels/Library/Developer/Xcode/DerivedData/Diver-fkxymducaaydoifhoeeiimpntqeq/Build/Products/Debug-iphonesimulator/PackageFrameworks -F /Users/voxels/Library/Developer/Xcode/DerivedData/Diver-fkxymducaaydoifhoeeiimpntqeq/Build/Products/Debug-iphonesimulator/PackageFrameworks -F /Users/voxels/Library/Developer/Xcode/DerivedData/Diver-fkxymducaaydoifhoeeiimpntqeq/Build/Products/Debug-iphonesimulator/PackageFrameworks -F /Users/voxels/Library/Developer/Xcode/DerivedData/Diver-fkxymducaaydoifhoeeiimpntqeq/Build/Products/Debug-iphonesimulator/PackageFrameworks -F /Users/voxels/Library/Developer/Xcode/DerivedData/Diver-fkxymducaaydoifhoeeiimpntqeq/Build/Products/Debug-iphonesimulator/PackageFrameworks -F /Users/voxels/Library/Developer/Xcode/DerivedData/Diver-fkxymducaaydoifhoeeiimpntqeq/Build/Products/Debug-iphonesimulator/PackageFrameworks -F /Users/voxels/Library/Developer/Xcode/DerivedData/Diver-fkxymducaaydoifhoeeiimpntqeq/Build/Products/Debug-iphonesimulator/PackageFrameworks -F /Users/voxels/Library/Developer/Xcode/DerivedData/Diver-fkxymducaaydoifhoeeiimpntqeq/Build/Products/Debug-iphonesimulator/PackageFrameworks -F /Users/voxels/Library/Developer/Xcode/DerivedData/Diver-fkxymducaaydoifhoeeiimpntqeq/Build/Products/Debug-iphonesimulator/PackageFrameworks -F /Users/voxels/Library/Developer/Xcode/DerivedData/Diver-fkxymducaaydoifhoeeiimpntqeq/Build/Products/Debug-iphonesimulator/PackageFrameworks -F /Users/voxels/Library/Developer/Xcode/DerivedData/Diver-fkxymducaaydoifhoeeiimpntqeq/Build/Products/Debug-iphonesimulator/PackageFrameworks -F /Users/voxels/Library/Developer/Xcode/DerivedData/Diver-fkxymducaaydoifhoeeiimpntqeq/Build/Products/Debug-iphonesimulator/PackageFrameworks -F /Users/voxels/Library/Developer/Xcode/DerivedData/Diver-fkxymducaaydoifhoeeiimpntqeq/Build/Products/Debug-iphonesimulator -F /Applications/Xcode.app/Contents/Developer/Platforms/iPhoneSimulator.platform/Developer/Library/Frameworks -F /Applications/Xcode.app/Contents/Developer/Platforms/iPhoneSimulator.platform/Developer/SDKs/iPhoneSimulator26.2.sdk/Developer/Library/Frameworks -c -j12 -enable-batch-mode -incremental -Xcc -ivfsstatcache -Xcc /Users/voxels/Library/Developer/Xcode/DerivedData/SDKStatCaches.noindex/iphonesimulator26.2-23C53-3885c01c3e6b6a337905948deab2002e7d00a8b37fbd7999ea79df8ebc024bf0.sdkstatcache -output-file-map /Users/voxels/Library/Developer/Xcode/DerivedData/Diver-fkxymducaaydoifhoeeiimpntqeq/Build/Intermediates.noindex/DiverKit.build/Debug-iphonesimulator/DiverKit.build/Objects-normal/arm64/DiverKit-OutputFileMap.json -use-frontend-parseable-output -save-temps -no-color-diagnostics -explicit-module-build -module-cache-path /Users/voxels/Library/Developer/Xcode/DerivedData/Diver-fkxymducaaydoifhoeeiimpntqeq/Build/Intermediates.noindex/SwiftExplicitPrecompiledModules -clang-scanner-module-cache-path /Users/voxels/Library/Developer/Xcode/DerivedData/ModuleCache.noindex -sdk-module-cache-path /Users/voxels/Library/Developer/Xcode/DerivedData/ModuleCache.noindex -serialize-diagnostics -emit-dependencies -emit-module -emit-module-path /Users/voxels/Library/Developer/Xcode/DerivedData/Diver-fkxymducaaydoifhoeeiimpntqeq/Build/Intermediates.noindex/DiverKit.build/Debug-iphonesimulator/DiverKit.build/Objects-normal/arm64/DiverKit.swiftmodule -validate-clang-modules-once -clang-build-session-file /Users/voxels/Library/Developer/Xcode/DerivedData/ModuleCache.noindex/Session.modulevalidation -package-name diverkit -Xcc -I/Users/voxels/Library/Developer/Xcode/DerivedData/Diver-fkxymducaaydoifhoeeiimpntqeq/Build/Intermediates.noindex/DiverKit.build/Debug-iphonesimulator/DiverKit.build/swift-overrides.hmap -emit-const-values -Xfrontend -const-gather-protocols-file -Xfrontend /Users/voxels/Library/Developer/Xcode/DerivedData/Diver-fkxymducaaydoifhoeeiimpntqeq/Build/Intermediates.noindex/DiverKit.build/Debug-iphonesimulator/DiverKit.build/Objects-normal/arm64/DiverKit_const_extract_protocols.json -Xcc -I/Users/voxels/Library/Developer/Xcode/DerivedData/Diver-fkxymducaaydoifhoeeiimpntqeq/SourcePackages/checkouts/swift-crypto/Sources/CCryptoBoringSSLShims/include -Xcc -I/Users/voxels/Library/Developer/Xcode/DerivedData/Diver-fkxymducaaydoifhoeeiimpntqeq/SourcePackages/checkouts/swift-crypto/Sources/CCryptoBoringSSL/include -Xcc -I/Users/voxels/Library/Developer/Xcode/DerivedData/Diver-fkxymducaaydoifhoeeiimpntqeq/SourcePackages/checkouts/OpenCombine/Sources/COpenCombineHelpers/include -Xcc -I/Users/voxels/Library/Developer/Xcode/DerivedData/Diver-fkxymducaaydoifhoeeiimpntqeq/Build/Products/Debug-iphonesimulator/include -Xcc -I/Users/voxels/Library/Developer/Xcode/DerivedData/Diver-fkxymducaaydoifhoeeiimpntqeq/Build/Intermediates.noindex/DiverKit.build/Debug-iphonesimulator/DiverKit.build/DerivedSources-normal/arm64 -Xcc -I/Users/voxels/Library/Developer/Xcode/DerivedData/Diver-fkxymducaaydoifhoeeiimpntqeq/Build/Intermediates.noindex/DiverKit.build/Debug-iphonesimulator/DiverKit.build/DerivedSources/arm64 -Xcc -I/Users/voxels/Library/Developer/Xcode/DerivedData/Diver-fkxymducaaydoifhoeeiimpntqeq/Build/Intermediates.noindex/DiverKit.build/Debug-iphonesimulator/DiverKit.build/DerivedSources -Xcc -DSWIFT_PACKAGE -Xcc -DDEBUG\=1 -emit-objc-header -emit-objc-header-path /Users/voxels/Library/Developer/Xcode/DerivedData/Diver-fkxymducaaydoifhoeeiimpntqeq/Build/Intermediates.noindex/DiverKit.build/Debug-iphonesimulator/DiverKit.build/Objects-normal/arm64/DiverKit-Swift.h -working-directory /Users/voxels/Documents/dev/Superbright/Diver/Diver/Diver.xcodeproj -experimental-emit-module-separately -disable-cmo

SwiftEmitModule normal arm64 Emitting\ module\ for\ DiverKit (in target 'DiverKit' from project 'DiverKit')

EmitSwiftModule normal arm64 (in target 'DiverKit' from project 'DiverKit')
    cd /Users/voxels/Documents/dev/Superbright/Diver/Diver/Diver.xcodeproj
    

SwiftCompile normal arm64 Compiling\ VisualIntelligenceViewModel.swift /Users/voxels/Documents/dev/Superbright/Diver/DiverKit/Sources/DiverKit/ViewModel/VisualIntelligenceViewModel.swift (in target 'DiverKit' from project 'DiverKit')
Failed frontend command:
/Applications/Xcode.app/Contents/Developer/Toolchains/XcodeDefault.xctoolchain/usr/bin/swift-frontend -frontend -c -filelist /Users/voxels/Library/Developer/Xcode/DerivedData/Diver-fkxymducaaydoifhoeeiimpntqeq/Build/Intermediates.noindex/DiverKit.build/Debug-iphonesimulator/DiverKit.build/Objects-normal/arm64/sources-1 -primary-file /Users/voxels/Documents/dev/Superbright/Diver/DiverKit/Sources/DiverKit/ViewModel/VisualIntelligenceViewModel.swift -emit-dependencies-path /Users/voxels/Library/Developer/Xcode/DerivedData/Diver-fkxymducaaydoifhoeeiimpntqeq/Build/Intermediates.noindex/DiverKit.build/Debug-iphonesimulator/DiverKit.build/Objects-normal/arm64/VisualIntelligenceViewModel.d -emit-const-values-path /Users/voxels/Library/Developer/Xcode/DerivedData/Diver-fkxymducaaydoifhoeeiimpntqeq/Build/Intermediates.noindex/DiverKit.build/Debug-iphonesimulator/DiverKit.build/Objects-normal/arm64/VisualIntelligenceViewModel.swiftconstvalues -emit-reference-dependencies-path /Users/voxels/Library/Developer/Xcode/DerivedData/Diver-fkxymducaaydoifhoeeiimpntqeq/Build/Intermediates.noindex/DiverKit.build/Debug-iphonesimulator/DiverKit.build/Objects-normal/arm64/VisualIntelligenceViewModel.swiftdeps -serialize-diagnostics-path /Users/voxels/Library/Developer/Xcode/DerivedData/Diver-fkxymducaaydoifhoeeiimpntqeq/Build/Intermediates.noindex/DiverKit.build/Debug-iphonesimulator/DiverKit.build/Objects-normal/arm64/VisualIntelligenceViewModel.dia -target arm64-apple-ios18.0-simulator -module-can-import-version CoreMotion 3064.0.10 3064.0.10 -module-can-import-version FoundationModels 1.1.7 0 -module-can-import-version UIKit 9126.2.4.1 9126.2.4 -disable-cross-import-overlay-search -swift-module-cross-import AuthenticationServices /Applications/Xcode.app/Contents/Developer/Platforms/iPhoneSimulator.platform/Developer/SDKs/iPhoneSimulator.sdk/System/Cryptexes/OS/System/Library/Frameworks/AuthenticationServices.framework/Modules/AuthenticationServices.swiftcrossimport/SwiftUI.swiftoverlay -swift-module-cross-import AuthenticationServices /Applications/Xcode.app/Contents/Developer/Platforms/iPhoneSimulator.platform/Developer/SDKs/iPhoneSimulator26.2.sdk/System/Library/Frameworks/AuthenticationServices.framework/Modules/AuthenticationServices.swiftcrossimport/SwiftUI.swiftoverlay -swift-module-cross-import CoreData /Applications/Xcode.app/Contents/Developer/Platforms/iPhoneSimulator.platform/Developer/SDKs/iPhoneSimulator.sdk/System/Library/Frameworks/CoreData.framework/Modules/CoreData.swiftcrossimport/CloudKit.swiftoverlay -swift-module-cross-import CoreData /Applications/Xcode.app/Contents/Developer/Platforms/iPhoneSimulator.platform/Developer/SDKs/iPhoneSimulator26.2.sdk/System/Library/Frameworks/CoreData.framework/Modules/CoreData.swiftcrossimport/CloudKit.swiftoverlay -swift-module-cross-import PhotosUI /Applications/Xcode.app/Contents/Developer/Platforms/iPhoneSimulator.platform/Developer/SDKs/iPhoneSimulator.sdk/System/Library/Frameworks/PhotosUI.framework/Modules/PhotosUI.swiftcrossimport/SwiftUI.swiftoverlay -swift-module-cross-import PhotosUI /Applications/Xcode.app/Contents/Developer/Platforms/iPhoneSimulator.platform/Developer/SDKs/iPhoneSimulator.sdk/System/Library/Frameworks/PhotosUI.framework/Modules/PhotosUI.swiftcrossimport/WidgetKit.swiftoverlay -swift-module-cross-import PhotosUI /Applications/Xcode.app/Contents/Developer/Platforms/iPhoneSimulator.platform/Developer/SDKs/iPhoneSimulator26.2.sdk/System/Library/Frameworks/PhotosUI.framework/Modules/PhotosUI.swiftcrossimport/SwiftUI.swiftoverlay -swift-module-cross-import PhotosUI /Applications/Xcode.app/Contents/Developer/Platforms/iPhoneSimulator.platform/Developer/SDKs/iPhoneSimulator26.2.sdk/System/Library/Frameworks/PhotosUI.framework/Modules/PhotosUI.swiftcrossimport/WidgetKit.swiftoverlay -swift-module-cross-import SwiftData /Applications/Xcode.app/Contents/Developer/Platforms/iPhoneSimulator.platform/Developer/SDKs/iPhoneSimulator26.2.sdk/System/Library/Frameworks/SwiftData.framework/Modules/SwiftData.swiftcrossimport/CoreData.swiftoverlay -swift-module-cross-import SwiftData /Applications/Xcode.app/Contents/Developer/Platforms/iPhoneSimulator.platform/Developer/SDKs/iPhoneSimulator26.2.sdk/System/Library/Frameworks/SwiftData.framework/Modules/SwiftData.swiftcrossimport/SwiftUI.swiftoverlay -swift-module-cross-import WebKit /Applications/Xcode.app/Contents/Developer/Platforms/iPhoneSimulator.platform/Developer/SDKs/iPhoneSimulator.sdk/System/Cryptexes/OS/System/Library/Frameworks/WebKit.framework/Modules/WebKit.swiftcrossimport/SwiftUI.swiftoverlay -swift-module-cross-import WebKit /Applications/Xcode.app/Contents/Developer/Platforms/iPhoneSimulator.platform/Developer/SDKs/iPhoneSimulator26.2.sdk/System/Library/Frameworks/WebKit.framework/Modules/WebKit.swiftcrossimport/SwiftUI.swiftoverlay -load-resolved-plugin /Applications/Xcode.app/Contents/Developer/Platforms/iPhoneOS.platform/Developer/usr/lib/swift/host/plugins/libAppIntentsMacros.dylib\#/Applications/Xcode.app/Contents/Developer/Platforms/iPhoneOS.platform/Developer/usr/bin/swift-plugin-server\#AppIntentsMacros -load-resolved-plugin /Applications/Xcode.app/Contents/Developer/Platforms/iPhoneOS.platform/Developer/usr/lib/swift/host/plugins/libFoundationMacros.dylib\#/Applications/Xcode.app/Contents/Developer/Platforms/iPhoneOS.platform/Developer/usr/bin/swift-plugin-server\#FoundationMacros -load-resolved-plugin /Applications/Xcode.app/Contents/Developer/Platforms/iPhoneOS.platform/Developer/usr/lib/swift/host/plugins/libFoundationModelsMacros.dylib\#/Applications/Xcode.app/Contents/Developer/Platforms/iPhoneOS.platform/Developer/usr/bin/swift-plugin-server\#FoundationModelsMacros -load-resolved-plugin /Applications/Xcode.app/Contents/Developer/Platforms/iPhoneOS.platform/Developer/usr/lib/swift/host/plugins/libObservationMacros.dylib\#/Applications/Xcode.app/Contents/Developer/Platforms/iPhoneOS.platform/Developer/usr/bin/swift-plugin-server\#ObservationMacros -load-resolved-plugin /Applications/Xcode.app/Contents/Developer/Platforms/iPhoneOS.platform/Developer/usr/lib/swift/host/plugins/libPreviewsMacros.dylib\#/Applications/Xcode.app/Contents/Developer/Platforms/iPhoneOS.platform/Developer/usr/bin/swift-plugin-server\#PreviewsMacros -load-resolved-plugin /Applications/Xcode.app/Contents/Developer/Platforms/iPhoneOS.platform/Developer/usr/lib/swift/host/plugins/libSwiftDataMacros.dylib\#/Applications/Xcode.app/Contents/Developer/Platforms/iPhoneOS.platform/Developer/usr/bin/swift-plugin-server\#SwiftDataMacros -load-resolved-plugin /Applications/Xcode.app/Contents/Developer/Platforms/iPhoneOS.platform/Developer/usr/lib/swift/host/plugins/libSwiftMacros.dylib\#/Applications/Xcode.app/Contents/Developer/Platforms/iPhoneOS.platform/Developer/usr/bin/swift-plugin-server\#SwiftMacros -load-resolved-plugin /Applications/Xcode.app/Contents/Developer/Platforms/iPhoneOS.platform/Developer/usr/lib/swift/host/plugins/libSwiftUIMacros.dylib\#/Applications/Xcode.app/Contents/Developer/Platforms/iPhoneOS.platform/Developer/usr/bin/swift-plugin-server\#SwiftUIMacros -disable-implicit-swift-modules -Xcc -fno-implicit-modules -Xcc -fno-implicit-module-maps -explicit-swift-module-map-file /Users/voxels/Library/Developer/Xcode/DerivedData/Diver-fkxymducaaydoifhoeeiimpntqeq/Build/Intermediates.noindex/DiverKit.build/Debug-iphonesimulator/DiverKit.build/Objects-normal/arm64/DiverKit-dependencies-1.json -Xllvm -aarch64-use-tbi -enable-objc-interop -sdk /Applications/Xcode.app/Contents/Developer/Platforms/iPhoneSimulator.platform/Developer/SDKs/iPhoneSimulator26.2.sdk -I /Users/voxels/Library/Developer/Xcode/DerivedData/Diver-fkxymducaaydoifhoeeiimpntqeq/Build/Products/Debug-iphonesimulator -Isystem /Applications/Xcode.app/Contents/Developer/Platforms/iPhoneSimulator.platform/Developer/usr/lib -F /Users/voxels/Library/Developer/Xcode/DerivedData/Diver-fkxymducaaydoifhoeeiimpntqeq/Build/Products/Debug-iphonesimulator/PackageFrameworks -F /Users/voxels/Library/Developer/Xcode/DerivedData/Diver-fkxymducaaydoifhoeeiimpntqeq/Build/Products/Debug-iphonesimulator/PackageFrameworks -F /Users/voxels/Library/Developer/Xcode/DerivedData/Diver-fkxymducaaydoifhoeeiimpntqeq/Build/Products/Debug-iphonesimulator/PackageFrameworks -F /Users/voxels/Library/Developer/Xcode/DerivedData/Diver-fkxymducaaydoifhoeeiimpntqeq/Build/Products/Debug-iphonesimulator/PackageFrameworks -F /Users/voxels/Library/Developer/Xcode/DerivedData/Diver-fkxymducaaydoifhoeeiimpntqeq/Build/Products/Debug-iphonesimulator/PackageFrameworks -F /Users/voxels/Library/Developer/Xcode/DerivedData/Diver-fkxymducaaydoifhoeeiimpntqeq/Build/Products/Debug-iphonesimulator/PackageFrameworks -F /Users/voxels/Library/Developer/Xcode/DerivedData/Diver-fkxymducaaydoifhoeeiimpntqeq/Build/Products/Debug-iphonesimulator/PackageFrameworks -F /Users/voxels/Library/Developer/Xcode/DerivedData/Diver-fkxymducaaydoifhoeeiimpntqeq/Build/Products/Debug-iphonesimulator/PackageFrameworks -F /Users/voxels/Library/Developer/Xcode/DerivedData/Diver-fkxymducaaydoifhoeeiimpntqeq/Build/Products/Debug-iphonesimulator/PackageFrameworks -F /Users/voxels/Library/Developer/Xcode/DerivedData/Diver-fkxymducaaydoifhoeeiimpntqeq/Build/Products/Debug-iphonesimulator/PackageFrameworks -F /Users/voxels/Library/Developer/Xcode/DerivedData/Diver-fkxymducaaydoifhoeeiimpntqeq/Build/Products/Debug-iphonesimulator/PackageFrameworks -F /Users/voxels/Library/Developer/Xcode/DerivedData/Diver-fkxymducaaydoifhoeeiimpntqeq/Build/Products/Debug-iphonesimulator/PackageFrameworks -F /Users/voxels/Library/Developer/Xcode/DerivedData/Diver-fkxymducaaydoifhoeeiimpntqeq/Build/Products/Debug-iphonesimulator -F /Applications/Xcode.app/Contents/Developer/Platforms/iPhoneSimulator.platform/Developer/Library/Frameworks -F /Applications/Xcode.app/Contents/Developer/Platforms/iPhoneSimulator.platform/Developer/SDKs/iPhoneSimulator26.2.sdk/Developer/Library/Frameworks -no-color-diagnostics -Xcc -fno-color-diagnostics -enable-testing -g -debug-info-format\=dwarf -dwarf-version\=5 -module-cache-path /Users/voxels/Library/Developer/Xcode/DerivedData/Diver-fkxymducaaydoifhoeeiimpntqeq/Build/Intermediates.noindex/SwiftExplicitPrecompiledModules -swift-version 6 -enforce-exclusivity\=checked -Onone -D SWIFT_PACKAGE -D DEBUG -D SWIFT_MODULE_RESOURCE_BUNDLE_AVAILABLE -D Xcode -serialize-debugging-options -const-gather-protocols-file /Users/voxels/Library/Developer/Xcode/DerivedData/Diver-fkxymducaaydoifhoeeiimpntqeq/Build/Intermediates.noindex/DiverKit.build/Debug-iphonesimulator/DiverKit.build/Objects-normal/arm64/DiverKit_const_extract_protocols.json -enable-experimental-feature DebugDescriptionMacro -empty-abi-descriptor -validate-clang-modules-once -clang-build-session-file /Users/voxels/Library/Developer/Xcode/DerivedData/ModuleCache.noindex/Session.modulevalidation -Xcc -working-directory -Xcc /Users/voxels/Documents/dev/Superbright/Diver/Diver/Diver.xcodeproj -enable-anonymous-context-mangled-names -file-compilation-dir /Users/voxels/Documents/dev/Superbright/Diver/Diver/Diver.xcodeproj -Xcc -fmodule-map-file\=/Users/voxels/Library/Developer/Xcode/DerivedData/Diver-fkxymducaaydoifhoeeiimpntqeq/Build/Intermediates.noindex/GeneratedModuleMaps-iphonesimulator/COpenCombineHelpers.modulemap -Xcc -D_LIBCPP_HARDENING_MODE\=_LIBCPP_HARDENING_MODE_DEBUG -Xcc -ivfsstatcache -Xcc /Users/voxels/Library/Developer/Xcode/DerivedData/SDKStatCaches.noindex/iphonesimulator26.2-23C53-3885c01c3e6b6a337905948deab2002e7d00a8b37fbd7999ea79df8ebc024bf0.sdkstatcache -Xcc -I/Users/voxels/Library/Developer/Xcode/DerivedData/Diver-fkxymducaaydoifhoeeiimpntqeq/Build/Intermediates.noindex/DiverKit.build/Debug-iphonesimulator/DiverKit.build/swift-overrides.hmap -Xcc -I/Users/voxels/Library/Developer/Xcode/DerivedData/Diver-fkxymducaaydoifhoeeiimpntqeq/SourcePackages/checkouts/swift-crypto/Sources/CCryptoBoringSSLShims/include -Xcc -I/Users/voxels/Library/Developer/Xcode/DerivedData/Diver-fkxymducaaydoifhoeeiimpntqeq/SourcePackages/checkouts/swift-crypto/Sources/CCryptoBoringSSL/include -Xcc -I/Users/voxels/Library/Developer/Xcode/DerivedData/Diver-fkxymducaaydoifhoeeiimpntqeq/SourcePackages/checkouts/OpenCombine/Sources/COpenCombineHelpers/include -Xcc -I/Users/voxels/Library/Developer/Xcode/DerivedData/Diver-fkxymducaaydoifhoeeiimpntqeq/Build/Products/Debug-iphonesimulator/include -Xcc -I/Users/voxels/Library/Developer/Xcode/DerivedData/Diver-fkxymducaaydoifhoeeiimpntqeq/Build/Intermediates.noindex/DiverKit.build/Debug-iphonesimulator/DiverKit.build/DerivedSources-normal/arm64 -Xcc -I/Users/voxels/Library/Developer/Xcode/DerivedData/Diver-fkxymducaaydoifhoeeiimpntqeq/Build/Intermediates.noindex/DiverKit.build/Debug-iphonesimulator/DiverKit.build/DerivedSources/arm64 -Xcc -I/Users/voxels/Library/Developer/Xcode/DerivedData/Diver-fkxymducaaydoifhoeeiimpntqeq/Build/Intermediates.noindex/DiverKit.build/Debug-iphonesimulator/DiverKit.build/DerivedSources -Xcc -DSWIFT_PACKAGE -Xcc -DDEBUG\=1 -no-auto-bridging-header-chaining -module-name DiverKit -package-name diverkit -frontend-parseable-output -disable-clang-spi -target-sdk-version 26.2 -target-sdk-name iphonesimulator26.2 -clang-target arm64-apple-ios26.2-simulator -in-process-plugin-server-path /Applications/Xcode.app/Contents/Developer/Toolchains/XcodeDefault.xctoolchain/usr/lib/swift/host/libSwiftInProcPluginServer.dylib -o /Users/voxels/Library/Developer/Xcode/DerivedData/Diver-fkxymducaaydoifhoeeiimpntqeq/Build/Intermediates.noindex/DiverKit.build/Debug-iphonesimulator/DiverKit.build/Objects-normal/arm64/VisualIntelligenceViewModel.o -index-unit-output-path /DiverKit.build/Debug-iphonesimulator/DiverKit.build/Objects-normal/arm64/VisualIntelligenceViewModel.o -index-store-path /Users/voxels/Library/Developer/Xcode/DerivedData/Diver-fkxymducaaydoifhoeeiimpntqeq/Index.noindex/DataStore -index-system-modules

SwiftCompile normal arm64 /Users/voxels/Documents/dev/Superbright/Diver/DiverKit/Sources/DiverKit/ViewModel/VisualIntelligenceViewModel.swift (in target 'DiverKit' from project 'DiverKit')
    cd /Users/voxels/Documents/dev/Superbright/Diver/Diver/Diver.xcodeproj
    
/Users/voxels/Documents/dev/Superbright/Diver/DiverKit/Sources/DiverKit/ViewModel/VisualIntelligenceViewModel.swift:561:22: error: tuple pattern has the wrong length for tuple type 'VNInstanceMaskObservation'
               case .siftedSubject(let siftedImage, _) = siftedResult {
                     ^
/Users/voxels/Documents/dev/Superbright/Diver/DiverKit/Sources/DiverKit/ViewModel/VisualIntelligenceViewModel.swift:897:20: warning: variable 'pData' was never mutated; consider changing to 'let' constant
            if var pData = primaryData {
               ~~~ ^
               let

** BUILD FAILED **


The following build commands failed:
	SwiftCompile normal arm64 Compiling\ VisualIntelligenceViewModel.swift /Users/voxels/Documents/dev/Superbright/Diver/DiverKit/Sources/DiverKit/ViewModel/VisualIntelligenceViewModel.swift (in target 'DiverKit' from project 'DiverKit')
	SwiftCompile normal arm64 /Users/voxels/Documents/dev/Superbright/Diver/DiverKit/Sources/DiverKit/ViewModel/VisualIntelligenceViewModel.swift (in target 'DiverKit' from project 'DiverKit')
	Building project Diver with scheme Diver_iOS
(3 failures)
